#
# There is insufficient memory for the Java Runtime Environment to continue.
# Native memory allocation (malloc) failed to allocate 1032816 bytes. Error detail: Chunk::new
# Possible reasons:
#   The system is out of physical RAM or swap space
#   This process is running with CompressedOops enabled, and the Java Heap may be blocking the growth of the native heap
# Possible solutions:
#   Reduce memory load on the system
#   Increase physical memory or swap space
#   Check if swap backing store is full
#   Decrease Java heap size (-Xmx/-Xms)
#   Decrease number of Java threads
#   Decrease Java thread stack sizes (-Xss)
#   Set larger code cache with -XX:ReservedCodeCacheSize=
#   JVM is running with Unscaled Compressed Oops mode in which the Java heap is
#     placed in the first 4GB address space. The Java Heap base address is the
#     maximum limit for the native heap growth. Please use -XX:HeapBaseMinAddress
#     to set the Java Heap base and to place the Java Heap above 4GB virtual address.
# This output file may be truncated or incomplete.
#
#  Out of Memory Error (arena.cpp:168), pid=38604, tid=2008
#
# JRE version: OpenJDK Runtime Environment Temurin-21.0.8+9 (21.0.8+9) (build 21.0.8+9-LTS)
# Java VM: OpenJDK 64-Bit Server VM Temurin-21.0.8+9 (21.0.8+9-LTS, mixed mode, sharing, tiered, compressed oops, compressed class ptrs, parallel gc, windows-amd64)
# No core dump will be written. Minidumps are not enabled by default on client versions of Windows
#

---------------  S U M M A R Y ------------

Command Line: --add-modules=ALL-SYSTEM --add-opens=java.base/java.util=ALL-UNNAMED --add-opens=java.base/java.lang=ALL-UNNAMED --add-opens=java.base/sun.nio.fs=ALL-UNNAMED -Declipse.application=org.eclipse.jdt.ls.core.id1 -Dosgi.bundles.defaultStartLevel=4 -Declipse.product=org.eclipse.jdt.ls.core.product -Djava.import.generatesMetadataFilesAtProjectRoot=false -DDetectVMInstallationsJob.disabled=true -Dfile.encoding=utf8 -XX:+UseParallelGC -XX:GCTimeRatio=4 -XX:AdaptiveSizePolicyWeight=90 -Dsun.zip.disableMemoryMapping=true -Xmx2G -Xms100m -Xlog:disable -javaagent:c:\Users\strangerts\.cursor\extensions\redhat.java-1.44.0-win32-x64\lombok\lombok-1.18.39-4050.jar -XX:+HeapDumpOnOutOfMemoryError -XX:HeapDumpPath=c:\Users\strangerts\AppData\Roaming\Cursor\User\workspaceStorage\07184dd113c5ccde707c947add590e6a\redhat.java -Daether.dependencyCollector.impl=bf c:\Users\strangerts\.cursor\extensions\redhat.java-1.44.0-win32-x64\server\plugins\org.eclipse.equinox.launcher_1.7.0.v20250519-0528.jar -configuration c:\Users\strangerts\AppData\Roaming\Cursor\User\globalStorage\redhat.java\1.44.0\config_win -data c:\Users\strangerts\AppData\Roaming\Cursor\User\workspaceStorage\07184dd113c5ccde707c947add590e6a\redhat.java\jdt_ws --pipe=\\.\pipe\lsp-3d1d9035549707b3d30fd4574eddad94-sock

Host: 11th Gen Intel(R) Core(TM) i7-11800H @ 2.30GHz, 16 cores, 7G,  Windows 10 , 64 bit Build 19041 (10.0.19041.5198)
Time: Sat Sep  6 21:54:30 2025 Sri Lanka Standard Time elapsed time: 2800.034255 seconds (0d 0h 46m 40s)

---------------  T H R E A D  ---------------

Current thread (0x00000177d841d960):  JavaThread "C2 CompilerThread0" daemon [_thread_in_native, id=2008, stack(0x0000002446800000,0x0000002446900000) (1024K)]


Current CompileTask:
C2:2800034 17759       4       org.eclipse.jdt.internal.compiler.lookup.LookupEnvironment::getTypeFromTypeSignature (770 bytes)

Stack: [0x0000002446800000,0x0000002446900000]
Native frames: (J=compiled Java code, j=interpreted, Vv=VM code, C=native code)
V  [jvm.dll+0x6d2449]
V  [jvm.dll+0x8ae341]
V  [jvm.dll+0x8b08be]
V  [jvm.dll+0x8b0fa3]
V  [jvm.dll+0x280c96]
V  [jvm.dll+0xc581d]
V  [jvm.dll+0xc5d53]
V  [jvm.dll+0x2f539d]
V  [jvm.dll+0x5fa00a]
V  [jvm.dll+0x252092]
V  [jvm.dll+0x25244f]
V  [jvm.dll+0x24ad14]
V  [jvm.dll+0x2483a4]
V  [jvm.dll+0x1c89ee]
V  [jvm.dll+0x257d4d]
V  [jvm.dll+0x2562ea]
V  [jvm.dll+0x3f2d16]
V  [jvm.dll+0x857e6b]
V  [jvm.dll+0x6d0b0d]
C  [ucrtbase.dll+0x21bb2]
C  [KERNEL32.DLL+0x17374]
C  [ntdll.dll+0x4cc91]


---------------  P R O C E S S  ---------------

Threads class SMR info:
_java_thread_list=0x0000017821d9e690, length=100, elements={
0x00000177c1970e40, 0x00000177d8409bf0, 0x00000177d840ada0, 0x00000177d840ee40,
0x00000177d8412030, 0x00000177d840fd60, 0x00000177d841c290, 0x00000177d841d960,
0x000001781aa25f20, 0x000001781aadbf10, 0x000001781ad783a0, 0x000001781c710db0,
0x00000178210a6670, 0x000001782129c420, 0x000001782129d760, 0x00000178217c68b0,
0x00000178216b2f80, 0x000001782172c8c0, 0x000001782172cf50, 0x000001782172d5e0,
0x000001782172e300, 0x000001782172b510, 0x0000017823b75270, 0x0000017823b77340,
0x0000017823b786f0, 0x0000017823b78d80, 0x0000017823b7bb70, 0x0000017823b74be0,
0x0000017823b75f90, 0x0000017823b76620, 0x0000017823b78060, 0x0000017823b76cb0,
0x0000017823b779d0, 0x0000017823b79410, 0x0000017823b7b4e0, 0x0000017823b7a130,
0x0000017823b79aa0, 0x0000017823b7a7c0, 0x0000017823b7ae50, 0x0000017823b7c200,
0x0000017823b75900, 0x0000017822b47320, 0x00000178220cee70, 0x00000178220cc710,
0x00000178220ccda0, 0x00000178220c7ee0, 0x00000178220c9fb0, 0x00000178220cb9f0,
0x00000178220ca640, 0x00000178220c8570, 0x00000178220cf500, 0x00000178220cacd0,
0x00000178220cd430, 0x00000178220cdac0, 0x00000178220ce150, 0x00000178220ce7e0,
0x00000178220c8c00, 0x00000178220c9290, 0x00000178220c9920, 0x0000017822b4a110,
0x0000017822b4cf00, 0x0000017822b49a80, 0x0000017822b479b0, 0x0000017822b48040,
0x0000017822b4a7a0, 0x0000017822b46c90, 0x0000017822b486d0, 0x0000017822b4c1e0,
0x0000017822b48d60, 0x0000017822b493f0, 0x0000017822b4ae30, 0x0000017822b4c870,
0x0000017822b4b4c0, 0x0000017823efedf0, 0x0000017823efe0d0, 0x0000017823eff480,
0x0000017823effb10, 0x0000017823f001a0, 0x0000017823efcd20, 0x0000017823efd3b0,
0x000001782172dc70, 0x000001782172ae80, 0x000001782172bba0, 0x000001782172c230,
0x00000178248740f0, 0x0000017824877c00, 0x0000017824877570, 0x0000017824878290,
0x0000017824876ee0, 0x00000178248726b0, 0x0000017824875b30, 0x0000017824878fb0,
0x0000017824874e10, 0x00000178248761c0, 0x00000178248754a0, 0x0000017824876850,
0x0000017824872020, 0x0000017824879640, 0x0000017824872d40, 0x0000017824de7200
}

Java Threads: ( => current thread )
  0x00000177c1970e40 JavaThread "main"                              [_thread_blocked, id=14308, stack(0x0000002445e00000,0x0000002445f00000) (1024K)]
  0x00000177d8409bf0 JavaThread "Reference Handler"          daemon [_thread_blocked, id=19184, stack(0x0000002446200000,0x0000002446300000) (1024K)]
  0x00000177d840ada0 JavaThread "Finalizer"                  daemon [_thread_blocked, id=7056, stack(0x0000002446300000,0x0000002446400000) (1024K)]
  0x00000177d840ee40 JavaThread "Signal Dispatcher"          daemon [_thread_blocked, id=19244, stack(0x0000002446400000,0x0000002446500000) (1024K)]
  0x00000177d8412030 JavaThread "Attach Listener"            daemon [_thread_blocked, id=34780, stack(0x0000002446500000,0x0000002446600000) (1024K)]
  0x00000177d840fd60 JavaThread "Service Thread"             daemon [_thread_blocked, id=19836, stack(0x0000002446600000,0x0000002446700000) (1024K)]
  0x00000177d841c290 JavaThread "Monitor Deflation Thread"   daemon [_thread_blocked, id=29812, stack(0x0000002446700000,0x0000002446800000) (1024K)]
=>0x00000177d841d960 JavaThread "C2 CompilerThread0"         daemon [_thread_in_native, id=2008, stack(0x0000002446800000,0x0000002446900000) (1024K)]
  0x000001781aa25f20 JavaThread "C1 CompilerThread0"         daemon [_thread_blocked, id=17624, stack(0x0000002446900000,0x0000002446a00000) (1024K)]
  0x000001781aadbf10 JavaThread "Common-Cleaner"             daemon [_thread_blocked, id=38432, stack(0x0000002446a00000,0x0000002446b00000) (1024K)]
  0x000001781ad783a0 JavaThread "Notification Thread"        daemon [_thread_blocked, id=22596, stack(0x0000002446b00000,0x0000002446c00000) (1024K)]
  0x000001781c710db0 JavaThread "Active Thread: Equinox Container: f795236b-2452-450d-979d-12ef54217b48"        [_thread_blocked, id=28236, stack(0x0000002447200000,0x0000002447300000) (1024K)]
  0x00000178210a6670 JavaThread "Refresh Thread: Equinox Container: f795236b-2452-450d-979d-12ef54217b48" daemon [_thread_blocked, id=37468, stack(0x0000002447400000,0x0000002447500000) (1024K)]
  0x000001782129c420 JavaThread "Framework Event Dispatcher: Equinox Container: f795236b-2452-450d-979d-12ef54217b48" daemon [_thread_blocked, id=39888, stack(0x0000002447500000,0x0000002447600000) (1024K)]
  0x000001782129d760 JavaThread "Start Level: Equinox Container: f795236b-2452-450d-979d-12ef54217b48" daemon [_thread_blocked, id=13940, stack(0x0000002447600000,0x0000002447700000) (1024K)]
  0x00000178217c68b0 JavaThread "Bundle File Closer"         daemon [_thread_blocked, id=32384, stack(0x0000002447a00000,0x0000002447b00000) (1024K)]
  0x00000178216b2f80 JavaThread "SCR Component Actor"        daemon [_thread_blocked, id=7236, stack(0x0000002447b00000,0x0000002447c00000) (1024K)]
  0x000001782172c8c0 JavaThread "Worker-JM"                         [_thread_blocked, id=14020, stack(0x0000002447e00000,0x0000002447f00000) (1024K)]
  0x000001782172cf50 JavaThread "Worker-0: Refreshing workspace"        [_thread_blocked, id=22988, stack(0x0000002448000000,0x0000002448100000) (1024K)]
  0x000001782172d5e0 JavaThread "Java indexing"              daemon [_thread_blocked, id=40908, stack(0x0000002448200000,0x0000002448300000) (1024K)]
  0x000001782172e300 JavaThread "JNA Cleaner"                daemon [_thread_blocked, id=14460, stack(0x0000002448500000,0x0000002448600000) (1024K)]
  0x000001782172b510 JavaThread "Worker-4"                          [_thread_blocked, id=41972, stack(0x0000002448800000,0x0000002448900000) (1024K)]
  0x0000017823b75270 JavaThread "Thread-2"                   daemon [_thread_in_native, id=40800, stack(0x0000002448a00000,0x0000002448b00000) (1024K)]
  0x0000017823b77340 JavaThread "Thread-3"                   daemon [_thread_in_native, id=17356, stack(0x0000002448b00000,0x0000002448c00000) (1024K)]
  0x0000017823b786f0 JavaThread "Thread-4"                   daemon [_thread_in_native, id=10152, stack(0x0000002448c00000,0x0000002448d00000) (1024K)]
  0x0000017823b78d80 JavaThread "Thread-5"                   daemon [_thread_in_native, id=34440, stack(0x0000002448d00000,0x0000002448e00000) (1024K)]
  0x0000017823b7bb70 JavaThread "Thread-6"                   daemon [_thread_in_native, id=29524, stack(0x0000002448e00000,0x0000002448f00000) (1024K)]
  0x0000017823b74be0 JavaThread "Thread-7"                   daemon [_thread_in_native, id=26112, stack(0x0000002448f00000,0x0000002449000000) (1024K)]
  0x0000017823b75f90 JavaThread "Thread-8"                   daemon [_thread_in_native, id=6600, stack(0x0000002449000000,0x0000002449100000) (1024K)]
  0x0000017823b76620 JavaThread "Thread-9"                   daemon [_thread_in_native, id=39848, stack(0x0000002449100000,0x0000002449200000) (1024K)]
  0x0000017823b78060 JavaThread "Thread-10"                  daemon [_thread_in_native, id=10264, stack(0x0000002449200000,0x0000002449300000) (1024K)]
  0x0000017823b76cb0 JavaThread "Thread-11"                  daemon [_thread_in_native, id=18308, stack(0x0000002449300000,0x0000002449400000) (1024K)]
  0x0000017823b779d0 JavaThread "Thread-12"                  daemon [_thread_in_native, id=34812, stack(0x0000002449400000,0x0000002449500000) (1024K)]
  0x0000017823b79410 JavaThread "Thread-13"                  daemon [_thread_in_native, id=18200, stack(0x0000002449500000,0x0000002449600000) (1024K)]
  0x0000017823b7b4e0 JavaThread "Thread-14"                  daemon [_thread_in_native, id=34032, stack(0x0000002449600000,0x0000002449700000) (1024K)]
  0x0000017823b7a130 JavaThread "Thread-15"                  daemon [_thread_in_native, id=24232, stack(0x0000002449700000,0x0000002449800000) (1024K)]
  0x0000017823b79aa0 JavaThread "Thread-16"                  daemon [_thread_in_native, id=41260, stack(0x0000002449800000,0x0000002449900000) (1024K)]
  0x0000017823b7a7c0 JavaThread "Thread-17"                  daemon [_thread_blocked, id=39696, stack(0x0000002449900000,0x0000002449a00000) (1024K)]
  0x0000017823b7ae50 JavaThread "Thread-18"                  daemon [_thread_in_native, id=35364, stack(0x0000002449a00000,0x0000002449b00000) (1024K)]
  0x0000017823b7c200 JavaThread "pool-2-thread-1"                   [_thread_blocked, id=29596, stack(0x0000002449b00000,0x0000002449c00000) (1024K)]
  0x0000017823b75900 JavaThread "WorkspaceEventsHandler"            [_thread_blocked, id=7076, stack(0x0000002449c00000,0x0000002449d00000) (1024K)]
  0x0000017822b47320 JavaThread "pool-1-thread-1"                   [_thread_blocked, id=33548, stack(0x0000002449d00000,0x0000002449e00000) (1024K)]
  0x00000178220cee70 JavaThread "Worker-6: Java indexing... "        [_thread_blocked, id=6700, stack(0x0000002445d00000,0x0000002445e00000) (1024K)]
  0x00000178220cc710 JavaThread "ForkJoinPool.commonPool-worker-18" daemon [_thread_blocked, id=34500, stack(0x0000002445b00000,0x0000002445c00000) (1024K)]
  0x00000178220ccda0 JavaThread "ForkJoinPool.commonPool-worker-17" daemon [_thread_blocked, id=36528, stack(0x0000002448900000,0x0000002448a00000) (1024K)]
  0x00000178220c7ee0 JavaThread "ForkJoinPool.commonPool-worker-19" daemon [_thread_blocked, id=14696, stack(0x0000002449e00000,0x0000002449f00000) (1024K)]
  0x00000178220c9fb0 JavaThread "ForkJoinPool.commonPool-worker-20" daemon [_thread_blocked, id=24832, stack(0x0000002449f00000,0x000000244a000000) (1024K)]
  0x00000178220cb9f0 JavaThread "ForkJoinPool.commonPool-worker-21" daemon [_thread_blocked, id=40448, stack(0x000000244a000000,0x000000244a100000) (1024K)]
  0x00000178220ca640 JavaThread "ForkJoinPool.commonPool-worker-22" daemon [_thread_blocked, id=22992, stack(0x000000244a100000,0x000000244a200000) (1024K)]
  0x00000178220c8570 JavaThread "ForkJoinPool.commonPool-worker-23" daemon [_thread_blocked, id=34712, stack(0x000000244a200000,0x000000244a300000) (1024K)]
  0x00000178220cf500 JavaThread "ForkJoinPool.commonPool-worker-24" daemon [_thread_blocked, id=41704, stack(0x000000244a300000,0x000000244a400000) (1024K)]
  0x00000178220cacd0 JavaThread "ForkJoinPool.commonPool-worker-25" daemon [_thread_blocked, id=28776, stack(0x000000244a400000,0x000000244a500000) (1024K)]
  0x00000178220cd430 JavaThread "ForkJoinPool.commonPool-worker-26" daemon [_thread_blocked, id=12880, stack(0x000000244a500000,0x000000244a600000) (1024K)]
  0x00000178220cdac0 JavaThread "Worker-7"                          [_thread_blocked, id=28496, stack(0x0000002445c00000,0x0000002445d00000) (1024K)]
  0x00000178220ce150 JavaThread "LocalFile Deleter"          daemon [_thread_blocked, id=24120, stack(0x0000002448100000,0x0000002448200000) (1024K)]
  0x00000178220ce7e0 JavaThread "LocalFile Deleter"          daemon [_thread_blocked, id=36552, stack(0x0000002448300000,0x0000002448400000) (1024K)]
  0x00000178220c8c00 JavaThread "LocalFile Deleter"          daemon [_thread_blocked, id=23208, stack(0x0000002448400000,0x0000002448500000) (1024K)]
  0x00000178220c9290 JavaThread "LocalFile Deleter"          daemon [_thread_blocked, id=24588, stack(0x0000002448600000,0x0000002448700000) (1024K)]
  0x00000178220c9920 JavaThread "LocalFile Deleter"          daemon [_thread_blocked, id=20928, stack(0x000000244a600000,0x000000244a700000) (1024K)]
  0x0000017822b4a110 JavaThread "LocalFile Deleter"          daemon [_thread_blocked, id=20836, stack(0x000000244a700000,0x000000244a800000) (1024K)]
  0x0000017822b4cf00 JavaThread "LocalFile Deleter"          daemon [_thread_blocked, id=11756, stack(0x000000244a800000,0x000000244a900000) (1024K)]
  0x0000017822b49a80 JavaThread "LocalFile Deleter"          daemon [_thread_blocked, id=8140, stack(0x000000244a900000,0x000000244aa00000) (1024K)]
  0x0000017822b479b0 JavaThread "LocalFile Deleter"          daemon [_thread_blocked, id=29088, stack(0x000000244aa00000,0x000000244ab00000) (1024K)]
  0x0000017822b48040 JavaThread "LocalFile Deleter"          daemon [_thread_blocked, id=16868, stack(0x000000244ab00000,0x000000244ac00000) (1024K)]
  0x0000017822b4a7a0 JavaThread "LocalFile Deleter"          daemon [_thread_blocked, id=16912, stack(0x000000244ac00000,0x000000244ad00000) (1024K)]
  0x0000017822b46c90 JavaThread "LocalFile Deleter"          daemon [_thread_blocked, id=21644, stack(0x000000244ad00000,0x000000244ae00000) (1024K)]
  0x0000017822b486d0 JavaThread "LocalFile Deleter"          daemon [_thread_blocked, id=35752, stack(0x000000244ae00000,0x000000244af00000) (1024K)]
  0x0000017822b4c1e0 JavaThread "LocalFile Deleter"          daemon [_thread_blocked, id=31580, stack(0x000000244af00000,0x000000244b000000) (1024K)]
  0x0000017822b48d60 JavaThread "LocalFile Deleter"          daemon [_thread_blocked, id=29416, stack(0x000000244b000000,0x000000244b100000) (1024K)]
  0x0000017822b493f0 JavaThread "LocalFile Deleter"          daemon [_thread_blocked, id=15332, stack(0x000000244b100000,0x000000244b200000) (1024K)]
  0x0000017822b4ae30 JavaThread "Compiler Source File Reader" daemon [_thread_blocked, id=40276, stack(0x000000244b200000,0x000000244b300000) (1024K)]
  0x0000017822b4c870 JavaThread "Compiler Source File Reader" daemon [_thread_blocked, id=10848, stack(0x000000244b300000,0x000000244b400000) (1024K)]
  0x0000017822b4b4c0 JavaThread "Compiler Source File Reader" daemon [_thread_blocked, id=10956, stack(0x000000244b400000,0x000000244b500000) (1024K)]
  0x0000017823efedf0 JavaThread "Compiler Source File Reader" daemon [_thread_blocked, id=37980, stack(0x000000244b500000,0x000000244b600000) (1024K)]
  0x0000017823efe0d0 JavaThread "Compiler Source File Reader" daemon [_thread_blocked, id=21284, stack(0x000000244b600000,0x000000244b700000) (1024K)]
  0x0000017823eff480 JavaThread "Compiler Source File Reader" daemon [_thread_blocked, id=25660, stack(0x000000244b700000,0x000000244b800000) (1024K)]
  0x0000017823effb10 JavaThread "Compiler Source File Reader" daemon [_thread_blocked, id=11296, stack(0x000000244b800000,0x000000244b900000) (1024K)]
  0x0000017823f001a0 JavaThread "Compiler Source File Reader" daemon [_thread_blocked, id=14796, stack(0x000000244b900000,0x000000244ba00000) (1024K)]
  0x0000017823efcd20 JavaThread "Compiler Source File Reader" daemon [_thread_blocked, id=38096, stack(0x000000244ba00000,0x000000244bb00000) (1024K)]
  0x0000017823efd3b0 JavaThread "Compiler Source File Reader" daemon [_thread_blocked, id=17232, stack(0x000000244bb00000,0x000000244bc00000) (1024K)]
  0x000001782172dc70 JavaThread "Compiler Source File Reader" daemon [_thread_blocked, id=5024, stack(0x000000244bc00000,0x000000244bd00000) (1024K)]
  0x000001782172ae80 JavaThread "Compiler Source File Reader" daemon [_thread_blocked, id=29520, stack(0x000000244bd00000,0x000000244be00000) (1024K)]
  0x000001782172bba0 JavaThread "Compiler Processing Task"   daemon [_thread_blocked, id=41780, stack(0x000000244be00000,0x000000244bf00000) (1024K)]
  0x000001782172c230 JavaThread "Compiler Class File Writer" daemon [_thread_blocked, id=38864, stack(0x000000244bf00000,0x000000244c000000) (1024K)]
  0x00000178248740f0 JavaThread "Compiler Class File Writer" daemon [_thread_blocked, id=28972, stack(0x000000244c000000,0x000000244c100000) (1024K)]
  0x0000017824877c00 JavaThread "Compiler Class File Writer" daemon [_thread_blocked, id=30440, stack(0x000000244c100000,0x000000244c200000) (1024K)]
  0x0000017824877570 JavaThread "Compiler Class File Writer" daemon [_thread_blocked, id=38792, stack(0x000000244c200000,0x000000244c300000) (1024K)]
  0x0000017824878290 JavaThread "Compiler Class File Writer" daemon [_thread_blocked, id=10684, stack(0x000000244c300000,0x000000244c400000) (1024K)]
  0x0000017824876ee0 JavaThread "Compiler Class File Writer" daemon [_thread_blocked, id=23940, stack(0x000000244c400000,0x000000244c500000) (1024K)]
  0x00000178248726b0 JavaThread "Compiler Class File Writer" daemon [_thread_blocked, id=3460, stack(0x000000244c500000,0x000000244c600000) (1024K)]
  0x0000017824875b30 JavaThread "Compiler Class File Writer" daemon [_thread_blocked, id=13732, stack(0x000000244c600000,0x000000244c700000) (1024K)]
  0x0000017824878fb0 JavaThread "Compiler Class File Writer" daemon [_thread_blocked, id=2308, stack(0x000000244c700000,0x000000244c800000) (1024K)]
  0x0000017824874e10 JavaThread "Compiler Class File Writer" daemon [_thread_blocked, id=25672, stack(0x000000244c800000,0x000000244c900000) (1024K)]
  0x00000178248761c0 JavaThread "Compiler Class File Writer" daemon [_thread_blocked, id=35812, stack(0x000000244c900000,0x000000244ca00000) (1024K)]
  0x00000178248754a0 JavaThread "Compiler Class File Writer" daemon [_thread_blocked, id=41112, stack(0x000000244ca00000,0x000000244cb00000) (1024K)]
  0x0000017824876850 JavaThread "Compiler Class File Writer" daemon [_thread_blocked, id=17112, stack(0x000000244cb00000,0x000000244cc00000) (1024K)]
  0x0000017824872020 JavaThread "Compiler Class File Writer" daemon [_thread_blocked, id=14632, stack(0x000000244cc00000,0x000000244cd00000) (1024K)]
  0x0000017824879640 JavaThread "Compiler Source File Reader" daemon [_thread_blocked, id=17628, stack(0x000000244cd00000,0x000000244ce00000) (1024K)]
  0x0000017824872d40 JavaThread "Compiler Source File Reader" daemon [_thread_blocked, id=19052, stack(0x000000244ce00000,0x000000244cf00000) (1024K)]
  0x0000017824de7200 JavaThread "Worker-8"                          [_thread_blocked, id=20464, stack(0x0000002447c00000,0x0000002447d00000) (1024K)]
Total: 100

Other Threads:
  0x00000177d8404ac0 VMThread "VM Thread"                           [id=9860, stack(0x0000002446100000,0x0000002446200000) (1024K)]
  0x00000177c19da400 WatcherThread "VM Periodic Task Thread"        [id=39152, stack(0x0000002446000000,0x0000002446100000) (1024K)]
  0x00000177c198ef80 WorkerThread "GC Thread#0"                     [id=8596, stack(0x0000002445f00000,0x0000002446000000) (1024K)]
  0x000001781c4de470 WorkerThread "GC Thread#1"                     [id=8924, stack(0x0000002446c00000,0x0000002446d00000) (1024K)]
  0x000001781c4c0980 WorkerThread "GC Thread#2"                     [id=5280, stack(0x0000002446d00000,0x0000002446e00000) (1024K)]
  0x000001781c19a1f0 WorkerThread "GC Thread#3"                     [id=34828, stack(0x0000002446e00000,0x0000002446f00000) (1024K)]
  0x000001781c19a590 WorkerThread "GC Thread#4"                     [id=37184, stack(0x0000002446f00000,0x0000002447000000) (1024K)]
  0x000001781c19b350 WorkerThread "GC Thread#5"                     [id=4940, stack(0x0000002447000000,0x0000002447100000) (1024K)]
  0x000001781c1aebe0 WorkerThread "GC Thread#6"                     [id=36680, stack(0x0000002447100000,0x0000002447200000) (1024K)]
  0x00000178210532b0 WorkerThread "GC Thread#7"                     [id=35312, stack(0x0000002447300000,0x0000002447400000) (1024K)]
  0x0000017821529160 WorkerThread "GC Thread#8"                     [id=11240, stack(0x0000002447700000,0x0000002447800000) (1024K)]
  0x0000017821558e70 WorkerThread "GC Thread#9"                     [id=39124, stack(0x0000002447800000,0x0000002447900000) (1024K)]
  0x0000017821558730 WorkerThread "GC Thread#10"                    [id=14604, stack(0x0000002447900000,0x0000002447a00000) (1024K)]
  0x0000017821559210 WorkerThread "GC Thread#11"                    [id=19992, stack(0x0000002447d00000,0x0000002447e00000) (1024K)]
  0x00000178215595b0 WorkerThread "GC Thread#12"                    [id=20672, stack(0x0000002447f00000,0x0000002448000000) (1024K)]
Total: 15

Threads with active compile tasks:
C2 CompilerThread0  2800152 17759       4       org.eclipse.jdt.internal.compiler.lookup.LookupEnvironment::getTypeFromTypeSignature (770 bytes)
C1 CompilerThread0  2800152 18026       3       org.eclipse.jdt.internal.compiler.lookup.PackageBinding::isDeclaredIn (12 bytes)
Total: 2

VM state: at safepoint (normal execution)

VM Mutex/Monitor currently owned by a thread:  ([mutex/lock_event])
[0x00007ffab30a5458] Threads_lock - owner thread: 0x00000177d8404ac0
[0x00007ffab30a5558] Heap_lock - owner thread: 0x000001781aa25f20

Heap address: 0x0000000080000000, size: 2048 MB, Compressed Oops mode: 32-bit

CDS archive(s) mapped at: [0x00000177d9000000-0x00000177d9ba0000-0x00000177d9ba0000), size 12189696, SharedBaseAddress: 0x00000177d9000000, ArchiveRelocationMode: 1.
Compressed class space mapped at: 0x00000177da000000-0x000001781a000000, reserved size: 1073741824
Narrow klass base: 0x00000177d9000000, Narrow klass shift: 0, Narrow klass range: 0x100000000

GC Precious Log:
 CardTable entry size: 512
 CPUs: 16 total, 16 available
 Memory: 7893M
 Large Page Support: Disabled
 NUMA Support: Disabled
 Compressed Oops: Enabled (32-bit)
 Alignments: Space 512K, Generation 512K, Heap 2M
 Heap Min Capacity: 100M
 Heap Initial Capacity: 100M
 Heap Max Capacity: 2G
 Pre-touch: Disabled
 Parallel Workers: 13

Heap:
 PSYoungGen      total 6656K, used 1024K [0x00000000d5580000, 0x00000000d5f00000, 0x0000000100000000)
  eden space 5632K, 0% used [0x00000000d5580000,0x00000000d5580000,0x00000000d5b00000)
  from space 1024K, 100% used [0x00000000d5c80000,0x00000000d5d80000,0x00000000d5d80000)
  to   space 1536K, 0% used [0x00000000d5d80000,0x00000000d5d80000,0x00000000d5f00000)
 ParOldGen       total 1140736K, used 1140646K [0x0000000080000000, 0x00000000c5a00000, 0x00000000d5580000)
  object space 1140736K, 99% used [0x0000000080000000,0x00000000c59e9940,0x00000000c5a00000)
 Metaspace       used 77773K, committed 79360K, reserved 1179648K
  class space    used 8085K, committed 8832K, reserved 1048576K

Card table byte_map: [0x00000177c1350000,0x00000177c1760000] _byte_map_base: 0x00000177c0f50000

Marking Bits: (ParMarkBitMap*) 0x00007ffab30aa340
 Begin Bits: [0x00000177d3e20000, 0x00000177d5e20000)
 End Bits:   [0x00000177d5e20000, 0x00000177d7e20000)

Polling page: 0x00000177c1140000

Metaspace:

Usage:
  Non-class:     68.05 MB used.
      Class:      7.90 MB used.
       Both:     75.95 MB used.

Virtual space:
  Non-class space:      128.00 MB reserved,      68.88 MB ( 54%) committed,  2 nodes.
      Class space:        1.00 GB reserved,       8.62 MB ( <1%) committed,  1 nodes.
             Both:        1.12 GB reserved,      77.50 MB (  7%) committed. 

Chunk freelists:
   Non-Class:  11.01 MB
       Class:  7.34 MB
        Both:  18.36 MB

MaxMetaspaceSize: unlimited
CompressedClassSpaceSize: 1.00 GB
Initial GC threshold: 21.00 MB
Current GC threshold: 97.31 MB
CDS: on
 - commit_granule_bytes: 65536.
 - commit_granule_words: 8192.
 - virtual_space_node_default_size: 8388608.
 - enlarge_chunks_in_place: 1.
 - use_allocation_guard: 0.


Internal statistics:

num_allocs_failed_limit: 9.
num_arena_births: 1366.
num_arena_deaths: 32.
num_vsnodes_births: 3.
num_vsnodes_deaths: 0.
num_space_committed: 1240.
num_space_uncommitted: 0.
num_chunks_returned_to_freelist: 46.
num_chunks_taken_from_freelist: 4871.
num_chunk_merges: 17.
num_chunk_splits: 2975.
num_chunks_enlarged: 1724.
num_inconsistent_stats: 0.

CodeHeap 'non-profiled nmethods': size=119168Kb used=13516Kb max_used=13516Kb free=105651Kb
 bounds [0x00000177cc710000, 0x00000177cd450000, 0x00000177d3b70000]
CodeHeap 'profiled nmethods': size=119104Kb used=40242Kb max_used=40242Kb free=78861Kb
 bounds [0x00000177c4b70000, 0x00000177c72c0000, 0x00000177cbfc0000]
CodeHeap 'non-nmethods': size=7488Kb used=1505Kb max_used=2665Kb free=5982Kb
 bounds [0x00000177cbfc0000, 0x00000177cc270000, 0x00000177cc710000]
CodeCache: size=245760Kb, used=55263Kb, max_used=56423Kb, free=190494Kb
 total_blobs=18059, nmethods=17246, adapters=718, full_count=0
Compilation: enabled, stopped_count=0, restarted_count=0

Compilation events (20 events):
Event: 2799.882 Thread 0x000001781aa25f20 17973       2       org.eclipse.jdt.internal.core.search.matching.JavaSearchNameEnvironment::findType (34 bytes)
Event: 2799.882 Thread 0x000001781aa25f20 nmethod 17973 0x00000177c7297b10 code [0x00000177c7297d20, 0x00000177c72980b8]
Event: 2799.905 Thread 0x000001781aa25f20 17974       3       org.eclipse.jdt.internal.compiler.util.HashtableOfType::put (113 bytes)
Event: 2799.906 Thread 0x000001781aa25f20 nmethod 17974 0x00000177c7298310 code [0x00000177c7298540, 0x00000177c7298e38]
Event: 2799.950 Thread 0x000001781aa25f20 17975       2       org.eclipse.jdt.internal.compiler.classfmt.ClassFileReader::getSourceName (91 bytes)
Event: 2799.951 Thread 0x000001781aa25f20 nmethod 17975 0x00000177c7299210 code [0x00000177c7299420, 0x00000177c7299820]
Event: 2799.993 Thread 0x000001781aa25f20 17976       1       org.eclipse.jdt.internal.compiler.ast.QualifiedNameReference::setFieldIndex (6 bytes)
Event: 2799.993 Thread 0x000001781aa25f20 nmethod 17976 0x00000177cd442d90 code [0x00000177cd442f20, 0x00000177cd442fe8]
Event: 2799.995 Thread 0x000001781aa25f20 17977       3       org.eclipse.jdt.internal.compiler.parser.Scanner::getNextToken (176 bytes)
Event: 2799.996 Thread 0x000001781aa25f20 nmethod 17977 0x00000177c7299a90 code [0x00000177c7299d20, 0x00000177c729aae0]
Event: 2799.996 Thread 0x000001781aa25f20 17979 % !   3       org.eclipse.jdt.internal.compiler.parser.Scanner::scanForStringLiteral @ 93 (636 bytes)
Event: 2799.998 Thread 0x000001781aa25f20 nmethod 17979% 0x00000177c729ad10 code [0x00000177c729b100, 0x00000177c729cf70]
Event: 2799.998 Thread 0x000001781aa25f20 17978       3       org.eclipse.jdt.internal.compiler.parser.Parser::consumeMethodInvocationName (195 bytes)
Event: 2799.999 Thread 0x000001781aa25f20 nmethod 17978 0x00000177c729de10 code [0x00000177c729e060, 0x00000177c729eae0]
Event: 2799.999 Thread 0x000001781aa25f20 17980       3       org.eclipse.jdt.internal.core.builder.ClasspathDirectory::doesFileExist (46 bytes)
Event: 2799.999 Thread 0x000001781aa25f20 nmethod 17980 0x00000177c729ef10 code [0x00000177c729f100, 0x00000177c729f4d0]
Event: 2799.999 Thread 0x000001781aa25f20 17981       2       org.eclipse.jdt.internal.compiler.lookup.PackageBinding::isExported (63 bytes)
Event: 2799.999 Thread 0x000001781aa25f20 nmethod 17981 0x00000177c729f690 code [0x00000177c729f840, 0x00000177c729fa40]
Event: 2800.013 Thread 0x000001781aa25f20 17982       3       org.eclipse.jdt.internal.core.builder.BuildNotifier::checkCancel (104 bytes)
Event: 2800.015 Thread 0x000001781aa25f20 nmethod 17982 0x00000177c729fb10 code [0x00000177c729fd60, 0x00000177c72a05e8]

GC Heap History (20 events):
Event: 2798.829 GC heap before
{Heap before GC invocations=2134 (full 3):
 PSYoungGen      total 14848K, used 13848K [0x00000000d5580000, 0x00000000d6a00000, 0x0000000100000000)
  eden space 8192K, 100% used [0x00000000d5580000,0x00000000d5d80000,0x00000000d5d80000)
  from space 6656K, 84% used [0x00000000d6380000,0x00000000d6906000,0x00000000d6a00000)
  to   space 6144K, 0% used [0x00000000d5d80000,0x00000000d5d80000,0x00000000d6380000)
 ParOldGen       total 1100800K, used 1100426K [0x0000000080000000, 0x00000000c3300000, 0x00000000d5580000)
  object space 1100800K, 99% used [0x0000000080000000,0x00000000c32a2bf8,0x00000000c3300000)
 Metaspace       used 77408K, committed 79040K, reserved 1179648K
  class space    used 8071K, committed 8832K, reserved 1048576K
}
Event: 2798.842 GC heap after
{Heap after GC invocations=2134 (full 3):
 PSYoungGen      total 14336K, used 6137K [0x00000000d5580000, 0x00000000d7580000, 0x0000000100000000)
  eden space 8192K, 0% used [0x00000000d5580000,0x00000000d5580000,0x00000000d5d80000)
  from space 6144K, 99% used [0x00000000d5d80000,0x00000000d637e7f8,0x00000000d6380000)
  to   space 12288K, 0% used [0x00000000d6980000,0x00000000d6980000,0x00000000d7580000)
 ParOldGen       total 1105408K, used 1105394K [0x0000000080000000, 0x00000000c3780000, 0x00000000d5580000)
  object space 1105408K, 99% used [0x0000000080000000,0x00000000c377cbf8,0x00000000c3780000)
 Metaspace       used 77408K, committed 79040K, reserved 1179648K
  class space    used 8071K, committed 8832K, reserved 1048576K
}
Event: 2798.888 GC heap before
{Heap before GC invocations=2135 (full 3):
 PSYoungGen      total 14336K, used 14329K [0x00000000d5580000, 0x00000000d7580000, 0x0000000100000000)
  eden space 8192K, 100% used [0x00000000d5580000,0x00000000d5d80000,0x00000000d5d80000)
  from space 6144K, 99% used [0x00000000d5d80000,0x00000000d637e7f8,0x00000000d6380000)
  to   space 12288K, 0% used [0x00000000d6980000,0x00000000d6980000,0x00000000d7580000)
 ParOldGen       total 1105408K, used 1105394K [0x0000000080000000, 0x00000000c3780000, 0x00000000d5580000)
  object space 1105408K, 99% used [0x0000000080000000,0x00000000c377cbf8,0x00000000c3780000)
 Metaspace       used 77412K, committed 79040K, reserved 1179648K
  class space    used 8071K, committed 8832K, reserved 1048576K
}
Event: 2798.901 GC heap after
{Heap after GC invocations=2135 (full 3):
 PSYoungGen      total 14848K, used 6616K [0x00000000d5580000, 0x00000000d7000000, 0x0000000100000000)
  eden space 8192K, 0% used [0x00000000d5580000,0x00000000d5580000,0x00000000d5d80000)
  from space 6656K, 99% used [0x00000000d6980000,0x00000000d6ff6308,0x00000000d7000000)
  to   space 8704K, 0% used [0x00000000d5f00000,0x00000000d5f00000,0x00000000d6780000)
 ParOldGen       total 1111552K, used 1111532K [0x0000000080000000, 0x00000000c3d80000, 0x00000000d5580000)
  object space 1111552K, 99% used [0x0000000080000000,0x00000000c3d7b170,0x00000000c3d80000)
 Metaspace       used 77412K, committed 79040K, reserved 1179648K
  class space    used 8071K, committed 8832K, reserved 1048576K
}
Event: 2798.943 GC heap before
{Heap before GC invocations=2136 (full 3):
 PSYoungGen      total 14848K, used 14808K [0x00000000d5580000, 0x00000000d7000000, 0x0000000100000000)
  eden space 8192K, 100% used [0x00000000d5580000,0x00000000d5d80000,0x00000000d5d80000)
  from space 6656K, 99% used [0x00000000d6980000,0x00000000d6ff6308,0x00000000d7000000)
  to   space 8704K, 0% used [0x00000000d5f00000,0x00000000d5f00000,0x00000000d6780000)
 ParOldGen       total 1111552K, used 1111532K [0x0000000080000000, 0x00000000c3d80000, 0x00000000d5580000)
  object space 1111552K, 99% used [0x0000000080000000,0x00000000c3d7b170,0x00000000c3d80000)
 Metaspace       used 77424K, committed 79040K, reserved 1179648K
  class space    used 8071K, committed 8832K, reserved 1048576K
}
Event: 2798.958 GC heap after
{Heap after GC invocations=2136 (full 3):
 PSYoungGen      total 13824K, used 5338K [0x00000000d5580000, 0x00000000d6a00000, 0x0000000100000000)
  eden space 8192K, 0% used [0x00000000d5580000,0x00000000d5580000,0x00000000d5d80000)
  from space 5632K, 94% used [0x00000000d5f00000,0x00000000d64368d0,0x00000000d6480000)
  to   space 5632K, 0% used [0x00000000d6480000,0x00000000d6480000,0x00000000d6a00000)
 ParOldGen       total 1118208K, used 1118010K [0x0000000080000000, 0x00000000c4400000, 0x00000000d5580000)
  object space 1118208K, 99% used [0x0000000080000000,0x00000000c43ce8c0,0x00000000c4400000)
 Metaspace       used 77424K, committed 79040K, reserved 1179648K
  class space    used 8071K, committed 8832K, reserved 1048576K
}
Event: 2799.063 GC heap before
{Heap before GC invocations=2137 (full 3):
 PSYoungGen      total 13824K, used 13527K [0x00000000d5580000, 0x00000000d6a00000, 0x0000000100000000)
  eden space 8192K, 99% used [0x00000000d5580000,0x00000000d5d7f3e0,0x00000000d5d80000)
  from space 5632K, 94% used [0x00000000d5f00000,0x00000000d64368d0,0x00000000d6480000)
  to   space 5632K, 0% used [0x00000000d6480000,0x00000000d6480000,0x00000000d6a00000)
 ParOldGen       total 1118208K, used 1118010K [0x0000000080000000, 0x00000000c4400000, 0x00000000d5580000)
  object space 1118208K, 99% used [0x0000000080000000,0x00000000c43ce8c0,0x00000000c4400000)
 Metaspace       used 77426K, committed 79040K, reserved 1179648K
  class space    used 8071K, committed 8832K, reserved 1048576K
}
Event: 2799.075 GC heap after
{Heap after GC invocations=2137 (full 3):
 PSYoungGen      total 12800K, used 4506K [0x00000000d5580000, 0x00000000d6900000, 0x0000000100000000)
  eden space 8192K, 0% used [0x00000000d5580000,0x00000000d5580000,0x00000000d5d80000)
  from space 4608K, 97% used [0x00000000d6480000,0x00000000d68e6b10,0x00000000d6900000)
  to   space 5120K, 0% used [0x00000000d5f00000,0x00000000d5f00000,0x00000000d6400000)
 ParOldGen       total 1122816K, used 1122791K [0x0000000080000000, 0x00000000c4880000, 0x00000000d5580000)
  object space 1122816K, 99% used [0x0000000080000000,0x00000000c4879e58,0x00000000c4880000)
 Metaspace       used 77426K, committed 79040K, reserved 1179648K
  class space    used 8071K, committed 8832K, reserved 1048576K
}
Event: 2799.207 GC heap before
{Heap before GC invocations=2138 (full 3):
 PSYoungGen      total 12800K, used 12698K [0x00000000d5580000, 0x00000000d6900000, 0x0000000100000000)
  eden space 8192K, 100% used [0x00000000d5580000,0x00000000d5d80000,0x00000000d5d80000)
  from space 4608K, 97% used [0x00000000d6480000,0x00000000d68e6b10,0x00000000d6900000)
  to   space 5120K, 0% used [0x00000000d5f00000,0x00000000d5f00000,0x00000000d6400000)
 ParOldGen       total 1122816K, used 1122791K [0x0000000080000000, 0x00000000c4880000, 0x00000000d5580000)
  object space 1122816K, 99% used [0x0000000080000000,0x00000000c4879e58,0x00000000c4880000)
 Metaspace       used 77471K, committed 79104K, reserved 1179648K
  class space    used 8072K, committed 8832K, reserved 1048576K
}
Event: 2799.216 GC heap after
{Heap after GC invocations=2138 (full 3):
 PSYoungGen      total 9728K, used 1358K [0x00000000d5580000, 0x00000000d6500000, 0x0000000100000000)
  eden space 8192K, 0% used [0x00000000d5580000,0x00000000d5580000,0x00000000d5d80000)
  from space 1536K, 88% used [0x00000000d5f00000,0x00000000d6053b00,0x00000000d6080000)
  to   space 3072K, 0% used [0x00000000d6200000,0x00000000d6200000,0x00000000d6500000)
 ParOldGen       total 1126400K, used 1126334K [0x0000000080000000, 0x00000000c4c00000, 0x00000000d5580000)
  object space 1126400K, 99% used [0x0000000080000000,0x00000000c4bef9d0,0x00000000c4c00000)
 Metaspace       used 77471K, committed 79104K, reserved 1179648K
  class space    used 8072K, committed 8832K, reserved 1048576K
}
Event: 2799.338 GC heap before
{Heap before GC invocations=2139 (full 3):
 PSYoungGen      total 9728K, used 9550K [0x00000000d5580000, 0x00000000d6500000, 0x0000000100000000)
  eden space 8192K, 100% used [0x00000000d5580000,0x00000000d5d80000,0x00000000d5d80000)
  from space 1536K, 88% used [0x00000000d5f00000,0x00000000d6053b00,0x00000000d6080000)
  to   space 3072K, 0% used [0x00000000d6200000,0x00000000d6200000,0x00000000d6500000)
 ParOldGen       total 1126400K, used 1126334K [0x0000000080000000, 0x00000000c4c00000, 0x00000000d5580000)
  object space 1126400K, 99% used [0x0000000080000000,0x00000000c4bef9d0,0x00000000c4c00000)
 Metaspace       used 77528K, committed 79168K, reserved 1179648K
  class space    used 8074K, committed 8832K, reserved 1048576K
}
Event: 2799.346 GC heap after
{Heap after GC invocations=2139 (full 3):
 PSYoungGen      total 10240K, used 1842K [0x00000000d5580000, 0x00000000d6400000, 0x0000000100000000)
  eden space 8192K, 0% used [0x00000000d5580000,0x00000000d5580000,0x00000000d5d80000)
  from space 2048K, 89% used [0x00000000d6200000,0x00000000d63cc828,0x00000000d6400000)
  to   space 2048K, 0% used [0x00000000d6000000,0x00000000d6000000,0x00000000d6200000)
 ParOldGen       total 1127936K, used 1127562K [0x0000000080000000, 0x00000000c4d80000, 0x00000000d5580000)
  object space 1127936K, 99% used [0x0000000080000000,0x00000000c4d22bb0,0x00000000c4d80000)
 Metaspace       used 77528K, committed 79168K, reserved 1179648K
  class space    used 8074K, committed 8832K, reserved 1048576K
}
Event: 2799.521 GC heap before
{Heap before GC invocations=2140 (full 3):
 PSYoungGen      total 10240K, used 9972K [0x00000000d5580000, 0x00000000d6400000, 0x0000000100000000)
  eden space 8192K, 99% used [0x00000000d5580000,0x00000000d5d707e8,0x00000000d5d80000)
  from space 2048K, 89% used [0x00000000d6200000,0x00000000d63cc828,0x00000000d6400000)
  to   space 2048K, 0% used [0x00000000d6000000,0x00000000d6000000,0x00000000d6200000)
 ParOldGen       total 1127936K, used 1127562K [0x0000000080000000, 0x00000000c4d80000, 0x00000000d5580000)
  object space 1127936K, 99% used [0x0000000080000000,0x00000000c4d22bb0,0x00000000c4d80000)
 Metaspace       used 77602K, committed 79232K, reserved 1179648K
  class space    used 8081K, committed 8832K, reserved 1048576K
}
Event: 2799.531 GC heap after
{Heap after GC invocations=2140 (full 3):
 PSYoungGen      total 10240K, used 2035K [0x00000000d5580000, 0x00000000d6580000, 0x0000000100000000)
  eden space 8192K, 0% used [0x00000000d5580000,0x00000000d5580000,0x00000000d5d80000)
  from space 2048K, 99% used [0x00000000d6000000,0x00000000d61fccb0,0x00000000d6200000)
  to   space 3584K, 0% used [0x00000000d6200000,0x00000000d6200000,0x00000000d6580000)
 ParOldGen       total 1129472K, used 1129177K [0x0000000080000000, 0x00000000c4f00000, 0x00000000d5580000)
  object space 1129472K, 99% used [0x0000000080000000,0x00000000c4eb64b0,0x00000000c4f00000)
 Metaspace       used 77602K, committed 79232K, reserved 1179648K
  class space    used 8081K, committed 8832K, reserved 1048576K
}
Event: 2799.630 GC heap before
{Heap before GC invocations=2141 (full 3):
 PSYoungGen      total 10240K, used 10227K [0x00000000d5580000, 0x00000000d6580000, 0x0000000100000000)
  eden space 8192K, 100% used [0x00000000d5580000,0x00000000d5d80000,0x00000000d5d80000)
  from space 2048K, 99% used [0x00000000d6000000,0x00000000d61fccb0,0x00000000d6200000)
  to   space 3584K, 0% used [0x00000000d6200000,0x00000000d6200000,0x00000000d6580000)
 ParOldGen       total 1129472K, used 1129177K [0x0000000080000000, 0x00000000c4f00000, 0x00000000d5580000)
  object space 1129472K, 99% used [0x0000000080000000,0x00000000c4eb64b0,0x00000000c4f00000)
 Metaspace       used 77651K, committed 79232K, reserved 1179648K
  class space    used 8081K, committed 8832K, reserved 1048576K
}
Event: 2799.634 GC heap after
{Heap after GC invocations=2141 (full 3):
 PSYoungGen      total 11264K, used 2901K [0x00000000d5580000, 0x00000000d6500000, 0x0000000100000000)
  eden space 8192K, 0% used [0x00000000d5580000,0x00000000d5580000,0x00000000d5d80000)
  from space 3072K, 94% used [0x00000000d6200000,0x00000000d64d5590,0x00000000d6500000)
  to   space 3584K, 0% used [0x00000000d5e00000,0x00000000d5e00000,0x00000000d6180000)
 ParOldGen       total 1131520K, used 1131126K [0x0000000080000000, 0x00000000c5100000, 0x00000000d5580000)
  object space 1131520K, 99% used [0x0000000080000000,0x00000000c509d9b0,0x00000000c5100000)
 Metaspace       used 77651K, committed 79232K, reserved 1179648K
  class space    used 8081K, committed 8832K, reserved 1048576K
}
Event: 2799.747 GC heap before
{Heap before GC invocations=2142 (full 3):
 PSYoungGen      total 11264K, used 10970K [0x00000000d5580000, 0x00000000d6500000, 0x0000000100000000)
  eden space 8192K, 98% used [0x00000000d5580000,0x00000000d5d61450,0x00000000d5d80000)
  from space 3072K, 94% used [0x00000000d6200000,0x00000000d64d5590,0x00000000d6500000)
  to   space 3584K, 0% used [0x00000000d5e00000,0x00000000d5e00000,0x00000000d6180000)
 ParOldGen       total 1131520K, used 1131126K [0x0000000080000000, 0x00000000c5100000, 0x00000000d5580000)
  object space 1131520K, 99% used [0x0000000080000000,0x00000000c509d9b0,0x00000000c5100000)
 Metaspace       used 77721K, committed 79296K, reserved 1179648K
  class space    used 8085K, committed 8832K, reserved 1048576K
}
Event: 2799.753 GC heap after
{Heap after GC invocations=2142 (full 3):
 PSYoungGen      total 10752K, used 2342K [0x00000000d5580000, 0x00000000d6380000, 0x0000000100000000)
  eden space 8192K, 0% used [0x00000000d5580000,0x00000000d5580000,0x00000000d5d80000)
  from space 2560K, 91% used [0x00000000d5e00000,0x00000000d60498c8,0x00000000d6080000)
  to   space 3072K, 0% used [0x00000000d6080000,0x00000000d6080000,0x00000000d6380000)
 ParOldGen       total 1133568K, used 1133430K [0x0000000080000000, 0x00000000c5300000, 0x00000000d5580000)
  object space 1133568K, 99% used [0x0000000080000000,0x00000000c52dd928,0x00000000c5300000)
 Metaspace       used 77721K, committed 79296K, reserved 1179648K
  class space    used 8085K, committed 8832K, reserved 1048576K
}
Event: 2799.983 GC heap before
{Heap before GC invocations=2143 (full 3):
 PSYoungGen      total 10752K, used 10534K [0x00000000d5580000, 0x00000000d6380000, 0x0000000100000000)
  eden space 8192K, 100% used [0x00000000d5580000,0x00000000d5d80000,0x00000000d5d80000)
  from space 2560K, 91% used [0x00000000d5e00000,0x00000000d60498c8,0x00000000d6080000)
  to   space 3072K, 0% used [0x00000000d6080000,0x00000000d6080000,0x00000000d6380000)
 ParOldGen       total 1133568K, used 1133430K [0x0000000080000000, 0x00000000c5300000, 0x00000000d5580000)
  object space 1133568K, 99% used [0x0000000080000000,0x00000000c52dd928,0x00000000c5300000)
 Metaspace       used 77724K, committed 79296K, reserved 1179648K
  class space    used 8085K, committed 8832K, reserved 1048576K
}
Event: 2799.986 GC heap after
{Heap after GC invocations=2143 (full 3):
 PSYoungGen      total 8704K, used 3063K [0x00000000d5580000, 0x00000000d6880000, 0x0000000100000000)
  eden space 5632K, 0% used [0x00000000d5580000,0x00000000d5580000,0x00000000d5b00000)
  from space 3072K, 99% used [0x00000000d6080000,0x00000000d637def8,0x00000000d6380000)
  to   space 5632K, 0% used [0x00000000d5b00000,0x00000000d5b00000,0x00000000d6080000)
 ParOldGen       total 1135616K, used 1135119K [0x0000000080000000, 0x00000000c5500000, 0x00000000d5580000)
  object space 1135616K, 99% used [0x0000000080000000,0x00000000c5483f40,0x00000000c5500000)
 Metaspace       used 77724K, committed 79296K, reserved 1179648K
  class space    used 8085K, committed 8832K, reserved 1048576K
}

Dll operation events (14 events):
Event: 0.024 Loaded shared library c:\Users\strangerts\.cursor\extensions\redhat.java-1.44.0-win32-x64\jre\21.0.8-win32-x86_64\bin\java.dll
Event: 0.143 Loaded shared library c:\Users\strangerts\.cursor\extensions\redhat.java-1.44.0-win32-x64\jre\21.0.8-win32-x86_64\bin\zip.dll
Event: 0.184 Loaded shared library C:\Users\strangerts\.cursor\extensions\redhat.java-1.44.0-win32-x64\jre\21.0.8-win32-x86_64\bin\instrument.dll
Event: 0.194 Loaded shared library C:\Users\strangerts\.cursor\extensions\redhat.java-1.44.0-win32-x64\jre\21.0.8-win32-x86_64\bin\net.dll
Event: 0.197 Loaded shared library C:\Users\strangerts\.cursor\extensions\redhat.java-1.44.0-win32-x64\jre\21.0.8-win32-x86_64\bin\nio.dll
Event: 0.203 Loaded shared library C:\Users\strangerts\.cursor\extensions\redhat.java-1.44.0-win32-x64\jre\21.0.8-win32-x86_64\bin\zip.dll
Event: 0.233 Loaded shared library C:\Users\strangerts\.cursor\extensions\redhat.java-1.44.0-win32-x64\jre\21.0.8-win32-x86_64\bin\jimage.dll
Event: 0.345 Loaded shared library c:\Users\strangerts\.cursor\extensions\redhat.java-1.44.0-win32-x64\jre\21.0.8-win32-x86_64\bin\verify.dll
Event: 1.788 Loaded shared library C:\Users\strangerts\AppData\Roaming\Cursor\User\globalStorage\redhat.java\1.44.0\config_win\org.eclipse.equinox.launcher\org.eclipse.equinox.launcher.win32.win32.x86_64_1.2.1400.v20250730-1736\eclipse_11913.dll
Event: 3.991 Loaded shared library C:\Users\strangerts\.cursor\extensions\redhat.java-1.44.0-win32-x64\jre\21.0.8-win32-x86_64\bin\management.dll
Event: 3.996 Loaded shared library C:\Users\strangerts\.cursor\extensions\redhat.java-1.44.0-win32-x64\jre\21.0.8-win32-x86_64\bin\management_ext.dll
Event: 6.072 Loaded shared library C:\Users\strangerts\AppData\Local\Temp\jna--82658955\jna15146846574801821658.dll
Event: 6.811 Loaded shared library C:\Users\strangerts\.cursor\extensions\redhat.java-1.44.0-win32-x64\jre\21.0.8-win32-x86_64\bin\sunmscapi.dll
Event: 6.921 Loaded shared library C:\Users\strangerts\.cursor\extensions\redhat.java-1.44.0-win32-x64\jre\21.0.8-win32-x86_64\bin\extnet.dll

Deoptimization events (20 events):
Event: 2799.202 Thread 0x000001782172b510 DEOPT PACKING pc=0x00000177c629e71b sp=0x00000024488fe5a0
Event: 2799.202 Thread 0x000001782172b510 DEOPT UNPACKING pc=0x00000177cc0178e2 sp=0x00000024488fdb10 mode 0
Event: 2799.230 Thread 0x000001782172d5e0 Uncommon trap: trap_request=0xffffff66 fr.pc=0x00000177ccedf9b0 relative=0x0000000000000150
Event: 2799.231 Thread 0x000001782172d5e0 Uncommon trap: reason=speculate_class_check action=maybe_recompile pc=0x00000177ccedf9b0 method=org.eclipse.jdt.internal.core.search.indexing.AbstractIndexer.addFieldDeclaration([C[C)V @ 13 c2
Event: 2799.231 Thread 0x000001782172d5e0 DEOPT PACKING pc=0x00000177ccedf9b0 sp=0x00000024482feea0
Event: 2799.231 Thread 0x000001782172d5e0 DEOPT UNPACKING pc=0x00000177cc016da2 sp=0x00000024482fee48 mode 2
Event: 2799.231 Thread 0x000001782172d5e0 Uncommon trap: trap_request=0xffffff66 fr.pc=0x00000177ccedf9b0 relative=0x0000000000000150
Event: 2799.231 Thread 0x000001782172d5e0 Uncommon trap: reason=speculate_class_check action=maybe_recompile pc=0x00000177ccedf9b0 method=org.eclipse.jdt.internal.core.search.indexing.AbstractIndexer.addFieldDeclaration([C[C)V @ 13 c2
Event: 2799.231 Thread 0x000001782172d5e0 DEOPT PACKING pc=0x00000177ccedf9b0 sp=0x00000024482feea0
Event: 2799.231 Thread 0x000001782172d5e0 DEOPT UNPACKING pc=0x00000177cc016da2 sp=0x00000024482fee48 mode 2
Event: 2799.484 Thread 0x00000178220cdac0 DEOPT PACKING pc=0x00000177c6583979 sp=0x0000002445cfddc0
Event: 2799.484 Thread 0x00000178220cdac0 DEOPT UNPACKING pc=0x00000177cc0178e2 sp=0x0000002445cfd278 mode 0
Event: 2799.492 Thread 0x00000178220cdac0 DEOPT PACKING pc=0x00000177c6e483d1 sp=0x0000002445cfddc0
Event: 2799.492 Thread 0x00000178220cdac0 DEOPT UNPACKING pc=0x00000177cc0178e2 sp=0x0000002445cfd290 mode 0
Event: 2799.672 Thread 0x00000178220ccda0 Uncommon trap: trap_request=0xffffff45 fr.pc=0x00000177cd42acf8 relative=0x0000000000000418
Event: 2799.672 Thread 0x00000178220ccda0 Uncommon trap: reason=unstable_if action=reinterpret pc=0x00000177cd42acf8 method=org.eclipse.jdt.internal.compiler.parser.Scanner.getNextToken()Lorg/eclipse/jdt/internal/compiler/parser/TerminalToken; @ 92 c2
Event: 2799.672 Thread 0x00000178220ccda0 DEOPT PACKING pc=0x00000177cd42acf8 sp=0x00000024489fe0c0
Event: 2799.672 Thread 0x00000178220ccda0 DEOPT UNPACKING pc=0x00000177cc016da2 sp=0x00000024489fe060 mode 2
Event: 2799.950 Thread 0x00000178220cdac0 DEOPT PACKING pc=0x00000177c66ce7a2 sp=0x0000002445cfc770
Event: 2799.950 Thread 0x00000178220cdac0 DEOPT UNPACKING pc=0x00000177cc0178e2 sp=0x0000002445cfbbc0 mode 0

Classes loaded (20 events):
Event: 2772.771 Loading class java/util/HashMap$UnsafeHolder
Event: 2772.771 Loading class java/util/HashMap$UnsafeHolder done
Event: 2772.772 Loading class java/io/ObjectStreamClass$RecordSupport
Event: 2772.773 Loading class java/io/ObjectStreamClass$RecordSupport done
Event: 2772.787 Loading class java/io/ObjectStreamClass$DeserializationConstructorsCache$Key$Lookup
Event: 2772.788 Loading class java/io/ObjectStreamClass$DeserializationConstructorsCache$Key
Event: 2772.789 Loading class java/io/ObjectStreamClass$DeserializationConstructorsCache$Key done
Event: 2772.789 Loading class java/io/ObjectStreamClass$DeserializationConstructorsCache$Key$Lookup done
Event: 2772.819 Loading class java/lang/invoke/BoundMethodHandle$Species_LIL
Event: 2772.819 Loading class java/lang/invoke/BoundMethodHandle$Species_LIL done
Event: 2772.843 Loading class java/io/ObjectStreamClass$DeserializationConstructorsCache$Key$Impl
Event: 2772.844 Loading class java/io/ObjectStreamClass$DeserializationConstructorsCache$Key$Impl done
Event: 2782.722 Loading class java/lang/UnsupportedClassVersionError
Event: 2782.724 Loading class java/lang/UnsupportedClassVersionError done
Event: 2783.261 Loading class java/util/stream/ReduceOps$5
Event: 2783.262 Loading class java/util/stream/ReduceOps$5 done
Event: 2783.262 Loading class java/util/stream/ReduceOps$CountingSink$OfRef
Event: 2783.263 Loading class java/util/stream/ReduceOps$CountingSink
Event: 2783.266 Loading class java/util/stream/ReduceOps$CountingSink done
Event: 2783.266 Loading class java/util/stream/ReduceOps$CountingSink$OfRef done

Classes unloaded (16 events):
Event: 4.911 Thread 0x00000177d8404ac0 Unloading class 0x00000177da1a7000 'java/lang/invoke/LambdaForm$MH+0x00000177da1a7000'
Event: 4.911 Thread 0x00000177d8404ac0 Unloading class 0x00000177da1a6c00 'java/lang/invoke/LambdaForm$MH+0x00000177da1a6c00'
Event: 4.911 Thread 0x00000177d8404ac0 Unloading class 0x00000177da1a6800 'java/lang/invoke/LambdaForm$MH+0x00000177da1a6800'
Event: 4.911 Thread 0x00000177d8404ac0 Unloading class 0x00000177da1a6400 'java/lang/invoke/LambdaForm$MH+0x00000177da1a6400'
Event: 4.911 Thread 0x00000177d8404ac0 Unloading class 0x00000177da1a6000 'java/lang/invoke/LambdaForm$BMH+0x00000177da1a6000'
Event: 4.911 Thread 0x00000177d8404ac0 Unloading class 0x00000177da1a5c00 'java/lang/invoke/LambdaForm$DMH+0x00000177da1a5c00'
Event: 4.911 Thread 0x00000177d8404ac0 Unloading class 0x00000177da1a4800 'java/lang/invoke/LambdaForm$DMH+0x00000177da1a4800'
Event: 6.511 Thread 0x00000177d8404ac0 Unloading class 0x00000177da2fc800 'java/lang/invoke/LambdaForm$DMH+0x00000177da2fc800'
Event: 6.511 Thread 0x00000177d8404ac0 Unloading class 0x00000177da2fa000 'java/lang/invoke/LambdaForm$MH+0x00000177da2fa000'
Event: 6.511 Thread 0x00000177d8404ac0 Unloading class 0x00000177da2f6800 'java/lang/invoke/LambdaForm$MH+0x00000177da2f6800'
Event: 6.511 Thread 0x00000177d8404ac0 Unloading class 0x00000177da2f6000 'java/lang/invoke/LambdaForm$MH+0x00000177da2f6000'
Event: 6.511 Thread 0x00000177d8404ac0 Unloading class 0x00000177da2f5400 'java/lang/invoke/LambdaForm$MH+0x00000177da2f5400'
Event: 25.774 Thread 0x00000177d8404ac0 Unloading class 0x00000177da665800 'java/lang/invoke/LambdaForm$DMH+0x00000177da665800'
Event: 25.774 Thread 0x00000177d8404ac0 Unloading class 0x00000177da665400 'java/lang/invoke/LambdaForm$DMH+0x00000177da665400'
Event: 25.774 Thread 0x00000177d8404ac0 Unloading class 0x00000177da665000 'java/lang/invoke/LambdaForm$DMH+0x00000177da665000'
Event: 25.775 Thread 0x00000177d8404ac0 Unloading class 0x00000177da664c00 'java/lang/invoke/LambdaForm$DMH+0x00000177da664c00'

Classes redefined (0 events):
No events

Internal exceptions (20 events):
Event: 2781.039 Thread 0x000001782172b510 Implicit null exception at 0x00000177cd08d783 to 0x00000177cd08e1cc
Event: 2781.996 Thread 0x000001782172b510 Exception <a 'sun/nio/fs/WindowsException'{0x00000000d62779c0}> (0x00000000d62779c0) 
thrown [s\src\hotspot\share\prims\jni.cpp, line 520]
Event: 2782.003 Thread 0x000001782172b510 Exception <a 'sun/nio/fs/WindowsException'{0x00000000d62868b0}> (0x00000000d62868b0) 
thrown [s\src\hotspot\share\prims\jni.cpp, line 520]
Event: 2782.005 Thread 0x00000178220ce150 Exception <a 'sun/nio/fs/WindowsException'{0x00000000d6279a28}> (0x00000000d6279a28) 
thrown [s\src\hotspot\share\prims\jni.cpp, line 520]
Event: 2782.005 Thread 0x00000178220ce7e0 Exception <a 'sun/nio/fs/WindowsException'{0x00000000d627e620}> (0x00000000d627e620) 
thrown [s\src\hotspot\share\prims\jni.cpp, line 520]
Event: 2782.006 Thread 0x00000178220c9920 Exception <a 'sun/nio/fs/WindowsException'{0x00000000d6287e78}> (0x00000000d6287e78) 
thrown [s\src\hotspot\share\prims\jni.cpp, line 520]
Event: 2782.006 Thread 0x00000178220c8c00 Exception <a 'sun/nio/fs/WindowsException'{0x00000000d628ca28}> (0x00000000d628ca28) 
thrown [s\src\hotspot\share\prims\jni.cpp, line 520]
Event: 2782.006 Thread 0x0000017822b48d60 Exception <a 'sun/nio/fs/WindowsException'{0x00000000d62989e8}> (0x00000000d62989e8) 
thrown [s\src\hotspot\share\prims\jni.cpp, line 520]
Event: 2782.006 Thread 0x0000017822b4c1e0 Exception <a 'sun/nio/fs/WindowsException'{0x00000000d62915d0}> (0x00000000d62915d0) 
thrown [s\src\hotspot\share\prims\jni.cpp, line 520]
Event: 2782.533 Thread 0x00000178220cee70 Exception <a 'java/lang/NoSuchMethodError'{0x00000000d5ee0900}: 'java.lang.Object java.lang.invoke.DirectMethodHandle$Holder.invokeSpecial(java.lang.Object, java.lang.Object, int, long)'> (0x00000000d5ee0900) 
thrown [s\src\hotspot\share\interpreter\linkResolver.cpp, line 773]
Event: 2782.645 Thread 0x000001782172b510 Exception <a 'sun/nio/fs/WindowsException'{0x00000000d588cb28}> (0x00000000d588cb28) 
thrown [s\src\hotspot\share\prims\jni.cpp, line 520]
Event: 2782.645 Thread 0x000001782172b510 Exception <a 'sun/nio/fs/WindowsException'{0x00000000d58dce80}> (0x00000000d58dce80) 
thrown [s\src\hotspot\share\prims\jni.cpp, line 520]
Event: 2782.827 Thread 0x00000178220ccda0 Exception <a 'java/lang/NoSuchMethodError'{0x00000000d5c07730}: 'int java.lang.invoke.Invokers$Holder.invokeExact_MT(java.lang.Object, java.lang.Object)'> (0x00000000d5c07730) 
thrown [s\src\hotspot\share\interpreter\linkResolver.cpp, line 773]
Event: 2782.889 Thread 0x00000178220cee70 Exception <a 'sun/nio/fs/WindowsException'{0x00000000d604cf10}> (0x00000000d604cf10) 
thrown [s\src\hotspot\share\prims\jni.cpp, line 520]
Event: 2782.893 Thread 0x00000178220ccda0 Exception <a 'java/lang/IncompatibleClassChangeError'{0x00000000d60c3d40}: Found class java.lang.Object, but interface was expected> (0x00000000d60c3d40) 
thrown [s\src\hotspot\share\interpreter\linkResolver.cpp, line 840]
Event: 2782.913 Thread 0x00000178220cee70 Exception <a 'sun/nio/fs/WindowsException'{0x00000000d5580180}> (0x00000000d5580180) 
thrown [s\src\hotspot\share\prims\jni.cpp, line 520]
Event: 2782.917 Thread 0x00000178220cee70 Exception <a 'sun/nio/fs/WindowsException'{0x00000000d5581c00}> (0x00000000d5581c00) 
thrown [s\src\hotspot\share\prims\jni.cpp, line 520]
Event: 2798.173 Thread 0x000001782172d5e0 Exception <a 'sun/nio/fs/WindowsException'{0x00000000d59a62f8}> (0x00000000d59a62f8) 
thrown [s\src\hotspot\share\prims\jni.cpp, line 520]
Event: 2798.542 Thread 0x0000017823b75900 Implicit null exception at 0x00000177ccd7b943 to 0x00000177ccd7c1a4
Event: 2799.198 Thread 0x000001782172d5e0 Exception <a 'sun/nio/fs/WindowsException'{0x00000000d5738d00}> (0x00000000d5738d00) 
thrown [s\src\hotspot\share\prims\jni.cpp, line 520]

ZGC Phase Switch (0 events):
No events

VM Operations (20 events):
Event: 2798.829 Executing VM operation: ParallelGCFailedAllocation (Allocation Failure)
Event: 2798.842 Executing VM operation: ParallelGCFailedAllocation (Allocation Failure) done
Event: 2798.887 Executing VM operation: ParallelGCFailedAllocation (Allocation Failure)
Event: 2798.901 Executing VM operation: ParallelGCFailedAllocation (Allocation Failure) done
Event: 2798.942 Executing VM operation: ParallelGCFailedAllocation (Allocation Failure)
Event: 2798.958 Executing VM operation: ParallelGCFailedAllocation (Allocation Failure) done
Event: 2799.062 Executing VM operation: ParallelGCFailedAllocation (Allocation Failure)
Event: 2799.075 Executing VM operation: ParallelGCFailedAllocation (Allocation Failure) done
Event: 2799.206 Executing VM operation: ParallelGCFailedAllocation (Allocation Failure)
Event: 2799.216 Executing VM operation: ParallelGCFailedAllocation (Allocation Failure) done
Event: 2799.337 Executing VM operation: ParallelGCFailedAllocation (Allocation Failure)
Event: 2799.346 Executing VM operation: ParallelGCFailedAllocation (Allocation Failure) done
Event: 2799.517 Executing VM operation: ParallelGCFailedAllocation (Allocation Failure)
Event: 2799.531 Executing VM operation: ParallelGCFailedAllocation (Allocation Failure) done
Event: 2799.627 Executing VM operation: ParallelGCFailedAllocation (Allocation Failure)
Event: 2799.634 Executing VM operation: ParallelGCFailedAllocation (Allocation Failure) done
Event: 2799.747 Executing VM operation: ParallelGCFailedAllocation (Allocation Failure)
Event: 2799.753 Executing VM operation: ParallelGCFailedAllocation (Allocation Failure) done
Event: 2799.980 Executing VM operation: ParallelGCFailedAllocation (Allocation Failure)
Event: 2799.986 Executing VM operation: ParallelGCFailedAllocation (Allocation Failure) done

Memory protections (0 events):
No events

Nmethod flushes (20 events):
Event: 25.817 Thread 0x00000177d8404ac0 flushing  nmethod 0x00000177c549e990
Event: 25.817 Thread 0x00000177d8404ac0 flushing  nmethod 0x00000177c54a1110
Event: 25.817 Thread 0x00000177d8404ac0 flushing  nmethod 0x00000177c54a8490
Event: 25.817 Thread 0x00000177d8404ac0 flushing  nmethod 0x00000177c54b1990
Event: 25.817 Thread 0x00000177d8404ac0 flushing  nmethod 0x00000177c54c5b10
Event: 25.817 Thread 0x00000177d8404ac0 flushing  nmethod 0x00000177c54f8090
Event: 25.817 Thread 0x00000177d8404ac0 flushing  nmethod 0x00000177c54fc490
Event: 25.817 Thread 0x00000177d8404ac0 flushing  nmethod 0x00000177c551be10
Event: 25.817 Thread 0x00000177d8404ac0 flushing  nmethod 0x00000177c5523090
Event: 25.817 Thread 0x00000177d8404ac0 flushing  nmethod 0x00000177c5525910
Event: 25.817 Thread 0x00000177d8404ac0 flushing  nmethod 0x00000177c5525d90
Event: 25.817 Thread 0x00000177d8404ac0 flushing  nmethod 0x00000177c552cf90
Event: 25.817 Thread 0x00000177d8404ac0 flushing  nmethod 0x00000177c552d410
Event: 25.817 Thread 0x00000177d8404ac0 flushing  nmethod 0x00000177c5561b10
Event: 25.817 Thread 0x00000177d8404ac0 flushing  nmethod 0x00000177c5563390
Event: 25.817 Thread 0x00000177d8404ac0 flushing  nmethod 0x00000177c5563790
Event: 25.817 Thread 0x00000177d8404ac0 flushing  nmethod 0x00000177c5563b10
Event: 25.817 Thread 0x00000177d8404ac0 flushing  nmethod 0x00000177c5564610
Event: 25.817 Thread 0x00000177d8404ac0 flushing  nmethod 0x00000177c5564990
Event: 25.817 Thread 0x00000177d8404ac0 flushing  nmethod 0x00000177c556e710

Events (20 events):
Event: 2780.702 Thread 0x0000017822b4c870 Thread added: 0x000001782172ae80
Event: 2781.320 Thread 0x000001782172b510 Thread added: 0x000001782172bba0
Event: 2781.487 Thread 0x000001782172b510 Thread added: 0x000001782172c230
Event: 2781.773 Thread 0x000001782172b510 Thread added: 0x00000178248740f0
Event: 2781.781 Thread 0x000001782172b510 Thread added: 0x0000017824877c00
Event: 2781.781 Thread 0x000001782172b510 Thread added: 0x0000017824877570
Event: 2781.900 Thread 0x000001782172b510 Thread added: 0x0000017824878290
Event: 2781.900 Thread 0x000001782172b510 Thread added: 0x0000017824876ee0
Event: 2781.901 Thread 0x000001782172b510 Thread added: 0x00000178248726b0
Event: 2781.901 Thread 0x000001782172b510 Thread added: 0x0000017824875b30
Event: 2781.921 Thread 0x000001782172b510 Thread added: 0x0000017824878fb0
Event: 2781.931 Thread 0x000001782172b510 Thread added: 0x0000017824874e10
Event: 2781.941 Thread 0x000001782172b510 Thread added: 0x00000178248761c0
Event: 2781.955 Thread 0x000001782172b510 Thread added: 0x00000178248754a0
Event: 2781.965 Thread 0x000001782172b510 Thread added: 0x0000017824876850
Event: 2781.966 Thread 0x000001782172b510 Thread added: 0x0000017824872020
Event: 2782.025 Thread 0x000001782172b510 Thread added: 0x0000017824879640
Event: 2782.027 Thread 0x000001782172b510 Thread added: 0x0000017824872d40
Event: 2788.328 Thread 0x000001782d19a930 Thread exited: 0x000001782d19a930
Event: 2799.219 Thread 0x00000178220cee70 Thread added: 0x0000017824de7200


Dynamic libraries:
0x00007ff6f20e0000 - 0x00007ff6f20ee000 	c:\Users\strangerts\.cursor\extensions\redhat.java-1.44.0-win32-x64\jre\21.0.8-win32-x86_64\bin\java.exe
0x00007ffbd70f0000 - 0x00007ffbd72e8000 	C:\WINDOWS\SYSTEM32\ntdll.dll
0x00007ffbd53e0000 - 0x00007ffbd54a2000 	C:\WINDOWS\System32\KERNEL32.DLL
0x00007ffbd4880000 - 0x00007ffbd4b7f000 	C:\WINDOWS\System32\KERNELBASE.dll
0x00007ffbd4f60000 - 0x00007ffbd5060000 	C:\WINDOWS\System32\ucrtbase.dll
0x00007ffb9dda0000 - 0x00007ffb9ddb8000 	c:\Users\strangerts\.cursor\extensions\redhat.java-1.44.0-win32-x64\jre\21.0.8-win32-x86_64\bin\jli.dll
0x00007ffbd6be0000 - 0x00007ffbd6d7d000 	C:\WINDOWS\System32\USER32.dll
0x00007ffbd4ec0000 - 0x00007ffbd4ee2000 	C:\WINDOWS\System32\win32u.dll
0x00007ffbd6f90000 - 0x00007ffbd6fbb000 	C:\WINDOWS\System32\GDI32.dll
0x00007ffbd4da0000 - 0x00007ffbd4eb7000 	C:\WINDOWS\System32\gdi32full.dll
0x00007ffb7a2d0000 - 0x00007ffb7a2ee000 	c:\Users\strangerts\.cursor\extensions\redhat.java-1.44.0-win32-x64\jre\21.0.8-win32-x86_64\bin\VCRUNTIME140.dll
0x00007ffbd5060000 - 0x00007ffbd50fd000 	C:\WINDOWS\System32\msvcp_win.dll
0x00007ffbc0c50000 - 0x00007ffbc0eea000 	C:\WINDOWS\WinSxS\amd64_microsoft.windows.common-controls_6595b64144ccf1df_6.0.19041.4355_none_60b8b9eb71f62e16\COMCTL32.dll
0x00007ffbd6620000 - 0x00007ffbd66be000 	C:\WINDOWS\System32\msvcrt.dll
0x00007ffbd7020000 - 0x00007ffbd704f000 	C:\WINDOWS\System32\IMM32.DLL
0x00007ffbcef80000 - 0x00007ffbcef8c000 	c:\Users\strangerts\.cursor\extensions\redhat.java-1.44.0-win32-x64\jre\21.0.8-win32-x86_64\bin\vcruntime140_1.dll
0x00007ffb7a240000 - 0x00007ffb7a2cd000 	c:\Users\strangerts\.cursor\extensions\redhat.java-1.44.0-win32-x64\jre\21.0.8-win32-x86_64\bin\msvcp140.dll
0x00007ffab23f0000 - 0x00007ffab3187000 	c:\Users\strangerts\.cursor\extensions\redhat.java-1.44.0-win32-x64\jre\21.0.8-win32-x86_64\bin\server\jvm.dll
0x00007ffbd6210000 - 0x00007ffbd62c1000 	C:\WINDOWS\System32\ADVAPI32.dll
0x00007ffbd54b0000 - 0x00007ffbd554f000 	C:\WINDOWS\System32\sechost.dll
0x00007ffbd6ab0000 - 0x00007ffbd6bd3000 	C:\WINDOWS\System32\RPCRT4.dll
0x00007ffbd4b80000 - 0x00007ffbd4ba7000 	C:\WINDOWS\System32\bcrypt.dll
0x00007ffbd6a30000 - 0x00007ffbd6a9b000 	C:\WINDOWS\System32\WS2_32.dll
0x00007ffbcc8f0000 - 0x00007ffbcc8fa000 	C:\WINDOWS\SYSTEM32\VERSION.dll
0x00007ffbc0c20000 - 0x00007ffbc0c47000 	C:\WINDOWS\SYSTEM32\WINMM.dll
0x00007ffbd3e60000 - 0x00007ffbd3eab000 	C:\WINDOWS\SYSTEM32\POWRPROF.dll
0x00007ffbd3db0000 - 0x00007ffbd3dc2000 	C:\WINDOWS\SYSTEM32\UMPDC.dll
0x00007ffbd2fb0000 - 0x00007ffbd2fc2000 	C:\WINDOWS\SYSTEM32\kernel.appcore.dll
0x00007ffb87ee0000 - 0x00007ffb87eea000 	c:\Users\strangerts\.cursor\extensions\redhat.java-1.44.0-win32-x64\jre\21.0.8-win32-x86_64\bin\jimage.dll
0x00007ffbd2380000 - 0x00007ffbd2564000 	C:\WINDOWS\SYSTEM32\DBGHELP.DLL
0x00007ffbcc810000 - 0x00007ffbcc844000 	C:\WINDOWS\SYSTEM32\dbgcore.DLL
0x00007ffbd4bb0000 - 0x00007ffbd4c32000 	C:\WINDOWS\System32\bcryptPrimitives.dll
0x00007ffb879c0000 - 0x00007ffb879cf000 	c:\Users\strangerts\.cursor\extensions\redhat.java-1.44.0-win32-x64\jre\21.0.8-win32-x86_64\bin\instrument.dll
0x00007ffb7a220000 - 0x00007ffb7a23f000 	c:\Users\strangerts\.cursor\extensions\redhat.java-1.44.0-win32-x64\jre\21.0.8-win32-x86_64\bin\java.dll
0x00007ffbd5550000 - 0x00007ffbd5cbe000 	C:\WINDOWS\System32\SHELL32.dll
0x00007ffbd27a0000 - 0x00007ffbd2f44000 	C:\WINDOWS\SYSTEM32\windows.storage.dll
0x00007ffbd66d0000 - 0x00007ffbd6a25000 	C:\WINDOWS\System32\combase.dll
0x00007ffbd40d0000 - 0x00007ffbd40ff000 	C:\WINDOWS\SYSTEM32\Wldp.dll
0x00007ffbd6d80000 - 0x00007ffbd6e4d000 	C:\WINDOWS\System32\OLEAUT32.dll
0x00007ffbd62d0000 - 0x00007ffbd637d000 	C:\WINDOWS\System32\SHCORE.dll
0x00007ffbd6fc0000 - 0x00007ffbd7015000 	C:\WINDOWS\System32\shlwapi.dll
0x00007ffbd46b0000 - 0x00007ffbd46d4000 	C:\WINDOWS\SYSTEM32\profapi.dll
0x00007ffb7a200000 - 0x00007ffb7a218000 	c:\Users\strangerts\.cursor\extensions\redhat.java-1.44.0-win32-x64\jre\21.0.8-win32-x86_64\bin\zip.dll
0x00007ffb85690000 - 0x00007ffb856a0000 	C:\Users\strangerts\.cursor\extensions\redhat.java-1.44.0-win32-x64\jre\21.0.8-win32-x86_64\bin\net.dll
0x00007ffbcdb40000 - 0x00007ffbcdc4d000 	C:\WINDOWS\SYSTEM32\WINHTTP.dll
0x00007ffbd3eb0000 - 0x00007ffbd3f1a000 	C:\WINDOWS\system32\mswsock.dll
0x00007ffb7a1e0000 - 0x00007ffb7a1f6000 	C:\Users\strangerts\.cursor\extensions\redhat.java-1.44.0-win32-x64\jre\21.0.8-win32-x86_64\bin\nio.dll
0x00007ffb84610000 - 0x00007ffb84620000 	c:\Users\strangerts\.cursor\extensions\redhat.java-1.44.0-win32-x64\jre\21.0.8-win32-x86_64\bin\verify.dll
0x00007ffb7a140000 - 0x00007ffb7a185000 	C:\Users\strangerts\AppData\Roaming\Cursor\User\globalStorage\redhat.java\1.44.0\config_win\org.eclipse.equinox.launcher\org.eclipse.equinox.launcher.win32.win32.x86_64_1.2.1400.v20250730-1736\eclipse_11913.dll
0x00007ffbd6470000 - 0x00007ffbd659b000 	C:\WINDOWS\System32\ole32.dll
0x00007ffbd17d0000 - 0x00007ffbd17da000 	C:\Users\strangerts\.cursor\extensions\redhat.java-1.44.0-win32-x64\jre\21.0.8-win32-x86_64\bin\management.dll
0x00007ffbd17c0000 - 0x00007ffbd17cb000 	C:\Users\strangerts\.cursor\extensions\redhat.java-1.44.0-win32-x64\jre\21.0.8-win32-x86_64\bin\management_ext.dll
0x00007ffbd5100000 - 0x00007ffbd5108000 	C:\WINDOWS\System32\PSAPI.DLL
0x00007ffbd4110000 - 0x00007ffbd4128000 	C:\WINDOWS\SYSTEM32\CRYPTSP.dll
0x00007ffbd3720000 - 0x00007ffbd3754000 	C:\WINDOWS\system32\rsaenh.dll
0x00007ffbd4630000 - 0x00007ffbd465e000 	C:\WINDOWS\SYSTEM32\USERENV.dll
0x00007ffbd4040000 - 0x00007ffbd404c000 	C:\WINDOWS\SYSTEM32\CRYPTBASE.dll
0x00007ffbd3b40000 - 0x00007ffbd3b7b000 	C:\WINDOWS\SYSTEM32\IPHLPAPI.DLL
0x00007ffbd6aa0000 - 0x00007ffbd6aa8000 	C:\WINDOWS\System32\NSI.dll
0x00007ffb7a3f0000 - 0x00007ffb7a439000 	C:\Users\strangerts\AppData\Local\Temp\jna--82658955\jna15146846574801821658.dll
0x00007ffbce790000 - 0x00007ffbce7a7000 	C:\WINDOWS\SYSTEM32\dhcpcsvc6.DLL
0x00007ffbce770000 - 0x00007ffbce78d000 	C:\WINDOWS\SYSTEM32\dhcpcsvc.DLL
0x00007ffb82770000 - 0x00007ffb8277e000 	C:\Users\strangerts\.cursor\extensions\redhat.java-1.44.0-win32-x64\jre\21.0.8-win32-x86_64\bin\sunmscapi.dll
0x00007ffbd4c40000 - 0x00007ffbd4d9c000 	C:\WINDOWS\System32\CRYPT32.dll
0x00007ffbd4220000 - 0x00007ffbd4247000 	C:\WINDOWS\SYSTEM32\ncrypt.dll
0x00007ffbd41e0000 - 0x00007ffbd421b000 	C:\WINDOWS\SYSTEM32\NTASN1.dll
0x00007ffbd3b80000 - 0x00007ffbd3c4a000 	C:\WINDOWS\SYSTEM32\DNSAPI.dll
0x00007ffbcc4d0000 - 0x00007ffbcc4da000 	C:\Windows\System32\rasadhlp.dll
0x00007ffbca130000 - 0x00007ffbca1b0000 	C:\WINDOWS\System32\fwpuclnt.dll
0x00007ffb819b0000 - 0x00007ffb819b9000 	C:\Users\strangerts\.cursor\extensions\redhat.java-1.44.0-win32-x64\jre\21.0.8-win32-x86_64\bin\extnet.dll
0x00007ffbd39d0000 - 0x00007ffbd3a03000 	C:\WINDOWS\SYSTEM32\ntmarta.dll

JVMTI agents:
c:\Users\strangerts\.cursor\extensions\redhat.java-1.44.0-win32-x64\lombok\lombok-1.18.39-4050.jar path:c:\Users\strangerts\.cursor\extensions\redhat.java-1.44.0-win32-x64\jre\21.0.8-win32-x86_64\bin\instrument.dll, loaded, initialized, instrumentlib options:none

dbghelp: loaded successfully - version: 4.0.5 - missing functions: none
symbol engine: initialized successfully - sym options: 0x614 - pdb path: .;c:\Users\strangerts\.cursor\extensions\redhat.java-1.44.0-win32-x64\jre\21.0.8-win32-x86_64\bin;C:\WINDOWS\SYSTEM32;C:\WINDOWS\WinSxS\amd64_microsoft.windows.common-controls_6595b64144ccf1df_6.0.19041.4355_none_60b8b9eb71f62e16;c:\Users\strangerts\.cursor\extensions\redhat.java-1.44.0-win32-x64\jre\21.0.8-win32-x86_64\bin\server;C:\Users\strangerts\AppData\Roaming\Cursor\User\globalStorage\redhat.java\1.44.0\config_win\org.eclipse.equinox.launcher\org.eclipse.equinox.launcher.win32.win32.x86_64_1.2.1400.v20250730-1736;C:\Users\strangerts\AppData\Local\Temp\jna--82658955

VM Arguments:
jvm_args: --add-modules=ALL-SYSTEM --add-opens=java.base/java.util=ALL-UNNAMED --add-opens=java.base/java.lang=ALL-UNNAMED --add-opens=java.base/sun.nio.fs=ALL-UNNAMED -Declipse.application=org.eclipse.jdt.ls.core.id1 -Dosgi.bundles.defaultStartLevel=4 -Declipse.product=org.eclipse.jdt.ls.core.product -Djava.import.generatesMetadataFilesAtProjectRoot=false -DDetectVMInstallationsJob.disabled=true -Dfile.encoding=utf8 -XX:+UseParallelGC -XX:GCTimeRatio=4 -XX:AdaptiveSizePolicyWeight=90 -Dsun.zip.disableMemoryMapping=true -Xmx2G -Xms100m -Xlog:disable -javaagent:c:\Users\strangerts\.cursor\extensions\redhat.java-1.44.0-win32-x64\lombok\lombok-1.18.39-4050.jar -XX:+HeapDumpOnOutOfMemoryError -XX:HeapDumpPath=c:\Users\strangerts\AppData\Roaming\Cursor\User\workspaceStorage\07184dd113c5ccde707c947add590e6a\redhat.java -Daether.dependencyCollector.impl=bf 
java_command: c:\Users\strangerts\.cursor\extensions\redhat.java-1.44.0-win32-x64\server\plugins\org.eclipse.equinox.launcher_1.7.0.v20250519-0528.jar -configuration c:\Users\strangerts\AppData\Roaming\Cursor\User\globalStorage\redhat.java\1.44.0\config_win -data c:\Users\strangerts\AppData\Roaming\Cursor\User\workspaceStorage\07184dd113c5ccde707c947add590e6a\redhat.java\jdt_ws --pipe=\\.\pipe\lsp-3d1d9035549707b3d30fd4574eddad94-sock
java_class_path (initial): c:\Users\strangerts\.cursor\extensions\redhat.java-1.44.0-win32-x64\server\plugins\org.eclipse.equinox.launcher_1.7.0.v20250519-0528.jar
Launcher Type: SUN_STANDARD

[Global flags]
    uintx AdaptiveSizePolicyWeight                 = 90                                        {product} {command line}
     intx CICompilerCount                          = 12                                        {product} {ergonomic}
    uintx GCTimeRatio                              = 4                                         {product} {command line}
     bool HeapDumpOnOutOfMemoryError               = true                                   {manageable} {command line}
    ccstr HeapDumpPath                             = c:\Users\strangerts\AppData\Roaming\Cursor\User\workspaceStorage\07184dd113c5ccde707c947add590e6a\redhat.java         {manageable} {command line}
   size_t InitialHeapSize                          = 104857600                                 {product} {command line}
   size_t MaxHeapSize                              = 2147483648                                {product} {command line}
   size_t MaxNewSize                               = 715653120                                 {product} {ergonomic}
   size_t MinHeapDeltaBytes                        = 524288                                    {product} {ergonomic}
   size_t MinHeapSize                              = 104857600                                 {product} {command line}
   size_t NewSize                                  = 34603008                                  {product} {ergonomic}
    uintx NonNMethodCodeHeapSize                   = 7602480                                {pd product} {ergonomic}
    uintx NonProfiledCodeHeapSize                  = 122027880                              {pd product} {ergonomic}
   size_t OldSize                                  = 70254592                                  {product} {ergonomic}
    uintx ProfiledCodeHeapSize                     = 122027880                              {pd product} {ergonomic}
    uintx ReservedCodeCacheSize                    = 251658240                              {pd product} {ergonomic}
     bool SegmentedCodeCache                       = true                                      {product} {ergonomic}
   size_t SoftMaxHeapSize                          = 2147483648                             {manageable} {ergonomic}
     bool UseCompressedOops                        = true                           {product lp64_product} {ergonomic}
     bool UseLargePagesIndividualAllocation        = false                                  {pd product} {ergonomic}
     bool UseParallelGC                            = true                                      {product} {command line}

Logging:
Log output configuration:
 #0: stdout all=off uptime,level,tags foldmultilines=false
 #1: stderr all=off uptime,level,tags foldmultilines=false

Environment Variables:
PATH=C:\Program Files\Common Files\Oracle\Java\javapath;C:\WINDOWS\system32;C:\WINDOWS;C:\WINDOWS\System32\Wbem;C:\WINDOWS\System32\WindowsPowerShell\v1.0\;C:\WINDOWS\System32\OpenSSH\;C:\Program Files\dotnet\;C:\Program Files\Microsoft SQL Server\Client SDK\ODBC\110\Tools\Binn\;C:\Program Files (x86)\Microsoft SQL Server\120\Tools\Binn\;C:\Program Files\Microsoft SQL Server\120\Tools\Binn\;C:\Program Files\Microsoft SQL Server\120\DTS\Binn\;C:\Program Files (x86)\Windows Kits\8.1\Windows Performance Toolkit\;C:\Program Files\Microsoft SQL Server\150\Tools\Binn\;C:\Program Files\Microsoft SQL Server\Client SDK\ODBC\170\Tools\Binn\;C:\Program Files\nodejs\;C:\Program Files\Git\cmd;D:\uor\setup\gradle-8.14.2\bin;C:\Program Files\MySQL\MySQL Shell 8.0\bin\;C:\Users\strangerts\AppData\Local\Microsoft\WindowsApps;C:\Users\strangerts\AppData\Local\Programs\Microsoft VS Code\bin;C:\Users\strangerts\.dotnet\tools;C:\Users\strangerts\AppData\Local\GitHubDesktop\bin;C:\Users\strangerts\AppData\Roaming\npm;D:\web apps\cursor\resources\app\bin
USERNAME=strangerts
OS=Windows_NT
PROCESSOR_IDENTIFIER=Intel64 Family 6 Model 141 Stepping 1, GenuineIntel
TMP=C:\Users\STRANG~1\AppData\Local\Temp
TEMP=C:\Users\STRANG~1\AppData\Local\Temp




Periodic native trim disabled

---------------  S Y S T E M  ---------------

OS:
 Windows 10 , 64 bit Build 19041 (10.0.19041.5198)
OS uptime: 13 days 11:22 hours
Hyper-V role detected

CPU: total 16 (initial active 16) (8 cores per cpu, 2 threads per core) family 6 model 141 stepping 1 microcode 0x34, cx8, cmov, fxsr, ht, mmx, 3dnowpref, sse, sse2, sse3, ssse3, sse4.1, sse4.2, popcnt, lzcnt, tsc, tscinvbit, avx, avx2, aes, erms, clmul, bmi1, bmi2, adx, avx512f, avx512dq, avx512cd, avx512bw, avx512vl, sha, fma, vzeroupper, avx512_vpopcntdq, avx512_vpclmulqdq, avx512_vaes, avx512_vnni, clflush, clflushopt, clwb, avx512_vbmi2, avx512_vbmi, hv, rdtscp, rdpid, fsrm, gfni, avx512_bitalg, f16c, cet_ibt, cet_ss, avx512_ifma
Processor Information for the first 16 processors :
  Max Mhz: 2304, Current Mhz: 2304, Mhz Limit: 2304

Memory: 4k page, system-wide physical 7893M (78M free)
TotalPageFile size 32469M (AvailPageFile size 157M)
current process WorkingSet (physical memory assigned to process): 314M, peak: 393M
current process commit charge ("private bytes"): 1485M, peak: 1492M

vm_info: OpenJDK 64-Bit Server VM (21.0.8+9-LTS) for windows-amd64 JRE (21.0.8+9-LTS), built on 2025-07-15T00:00:00Z by "admin" with MS VC++ 17.7 (VS2022)

END.
