#
# There is insufficient memory for the Java Runtime Environment to continue.
# Native memory allocation (malloc) failed to allocate 1573456 bytes. Error detail: Chunk::new
# Possible reasons:
#   The system is out of physical RAM or swap space
#   This process is running with CompressedOops enabled, and the Java Heap may be blocking the growth of the native heap
# Possible solutions:
#   Reduce memory load on the system
#   Increase physical memory or swap space
#   Check if swap backing store is full
#   Decrease Java heap size (-Xmx/-Xms)
#   Decrease number of Java threads
#   Decrease Java thread stack sizes (-Xss)
#   Set larger code cache with -XX:ReservedCodeCacheSize=
#   JVM is running with Unscaled Compressed Oops mode in which the Java heap is
#     placed in the first 4GB address space. The Java Heap base address is the
#     maximum limit for the native heap growth. Please use -XX:HeapBaseMinAddress
#     to set the Java Heap base and to place the Java Heap above 4GB virtual address.
# This output file may be truncated or incomplete.
#
#  Out of Memory Error (arena.cpp:168), pid=11080, tid=26484
#
# JRE version: OpenJDK Runtime Environment Temurin-21.0.8+9 (21.0.8+9) (build 21.0.8+9-LTS)
# Java VM: OpenJDK 64-Bit Server VM Temurin-21.0.8+9 (21.0.8+9-LTS, mixed mode, sharing, tiered, compressed oops, compressed class ptrs, parallel gc, windows-amd64)
# No core dump will be written. Minidumps are not enabled by default on client versions of Windows
#

---------------  S U M M A R Y ------------

Command Line: --add-modules=ALL-SYSTEM --add-opens=java.base/java.util=ALL-UNNAMED --add-opens=java.base/java.lang=ALL-UNNAMED --add-opens=java.base/sun.nio.fs=ALL-UNNAMED -Declipse.application=org.eclipse.jdt.ls.core.id1 -Dosgi.bundles.defaultStartLevel=4 -Declipse.product=org.eclipse.jdt.ls.core.product -Djava.import.generatesMetadataFilesAtProjectRoot=false -DDetectVMInstallationsJob.disabled=true -Dfile.encoding=utf8 -XX:+UseParallelGC -XX:GCTimeRatio=4 -XX:AdaptiveSizePolicyWeight=90 -Dsun.zip.disableMemoryMapping=true -Xmx2G -Xms100m -Xlog:disable -javaagent:c:\Users\strangerts\.cursor\extensions\redhat.java-1.45.0-win32-x64\lombok\lombok-1.18.39-4050.jar -XX:+HeapDumpOnOutOfMemoryError -XX:HeapDumpPath=c:\Users\strangerts\AppData\Roaming\Cursor\User\workspaceStorage\07184dd113c5ccde707c947add590e6a\redhat.java -Daether.dependencyCollector.impl=bf c:\Users\strangerts\.cursor\extensions\redhat.java-1.45.0-win32-x64\server\plugins\org.eclipse.equinox.launcher_1.7.0.v20250519-0528.jar -configuration c:\Users\strangerts\AppData\Roaming\Cursor\User\globalStorage\redhat.java\1.45.0\config_win -data c:\Users\strangerts\AppData\Roaming\Cursor\User\workspaceStorage\07184dd113c5ccde707c947add590e6a\redhat.java\jdt_ws --pipe=\\.\pipe\lsp-b6c5cf4e4517237522e3c336d532608c-sock

Host: 11th Gen Intel(R) Core(TM) i7-11800H @ 2.30GHz, 16 cores, 7G,  Windows 10 , 64 bit Build 19041 (10.0.19041.5198)
Time: Sat Sep  6 22:17:15 2025 Sri Lanka Standard Time elapsed time: 1110.869605 seconds (0d 0h 18m 30s)

---------------  T H R E A D  ---------------

Current thread (0x000001f797f47450):  JavaThread "C2 CompilerThread0" daemon [_thread_in_native, id=26484, stack(0x000000f2e3200000,0x000000f2e3300000) (1024K)]


Current CompileTask:
C2:1110870 20474       4       org.eclipse.jdt.internal.compiler.lookup.ModuleBinding::getVisiblePackage (472 bytes)

Stack: [0x000000f2e3200000,0x000000f2e3300000]
Native frames: (J=compiled Java code, j=interpreted, Vv=VM code, C=native code)
V  [jvm.dll+0x6d2449]
V  [jvm.dll+0x8ae341]
V  [jvm.dll+0x8b08be]
V  [jvm.dll+0x8b0fa3]
V  [jvm.dll+0x280c96]
V  [jvm.dll+0xc581d]
V  [jvm.dll+0xc5d53]
V  [jvm.dll+0x3b919c]
V  [jvm.dll+0x385315]
V  [jvm.dll+0x38477a]
V  [jvm.dll+0x248ed0]
V  [jvm.dll+0x2484af]
V  [jvm.dll+0x1c89ee]
V  [jvm.dll+0x257d4d]
V  [jvm.dll+0x2562ea]
V  [jvm.dll+0x3f2d16]
V  [jvm.dll+0x857e6b]
V  [jvm.dll+0x6d0b0d]
C  [ucrtbase.dll+0x21bb2]
C  [KERNEL32.DLL+0x17374]
C  [ntdll.dll+0x4cc91]


---------------  P R O C E S S  ---------------

Threads class SMR info:
_java_thread_list=0x000001f79e0314f0, length=84, elements={
0x000001f73efe02b0, 0x000001f73ef8da10, 0x000001f73ef8ec60, 0x000001f73ef93b70,
0x000001f73ef95a90, 0x000001f73ef99b10, 0x000001f73ef9c300, 0x000001f797f47450,
0x000001f797f47ca0, 0x000001f798076dc0, 0x000001f7996453a0, 0x000001f799ce40d0,
0x000001f799784aa0, 0x000001f799d2d4d0, 0x000001f799d2e1f0, 0x000001f79e26c4e0,
0x000001f79e265550, 0x000001f79e266270, 0x000001f79e26aaa0, 0x000001f79e266f90,
0x000001f79e2689d0, 0x000001f79e26a410, 0x000001f79e269060, 0x000001f79e2696f0,
0x000001f79e269d80, 0x000001f7a07957f0, 0x000001f7a07902a0, 0x000001f7a078f580,
0x000001f7a0794ad0, 0x000001f7a0790930, 0x000001f7a0795160, 0x000001f7a0791650,
0x000001f7a0794440, 0x000001f7a0790fc0, 0x000001f7a0792370, 0x000001f7a078fc10,
0x000001f7a0791ce0, 0x000001f7a0793720, 0x000001f7a0792a00, 0x000001f7a0793090,
0x000001f79e9d41e0, 0x000001f79e9d3b50, 0x000001f7a16596b0, 0x000001f799dc2ee0,
0x000001f799dbe6b0, 0x000001f799dc0e10, 0x000001f799dc4fb0, 0x000001f799dc5640,
0x000001f799dc14a0, 0x000001f799dc5cd0, 0x000001f799dc2850, 0x000001f7a165c4a0,
0x000001f79e26b7c0, 0x000001f79e26be50, 0x000001f79e265be0, 0x000001f79e264ec0,
0x000001f79e9d6940, 0x000001f79e9d34c0, 0x000001f79e9d2e30, 0x000001f79e9d5c20,
0x000001f79e9d1a80, 0x000001f79e9d4870, 0x000001f79e9d4f00, 0x000001f79e9d8380,
0x000001f79e9d62b0, 0x000001f79e9d2110, 0x000001f79e9d7cf0, 0x000001f79e9d6fd0,
0x000001f79e9d7660, 0x000001f79e9d5590, 0x000001f79e9d8a10, 0x000001f79e9d90a0,
0x000001f79e9d27a0, 0x000001f7a1659020, 0x000001f7a165dee0, 0x000001f7a165b780,
0x000001f7a1659d40, 0x000001f7a165e570, 0x000001f7a165ec00, 0x000001f7a165a3d0,
0x000001f7a165f290, 0x000001f7a165cb30, 0x000001f7a165be10, 0x000001f7a165f920
}

Java Threads: ( => current thread )
  0x000001f73efe02b0 JavaThread "main"                              [_thread_blocked, id=33772, stack(0x000000f2e2800000,0x000000f2e2900000) (1024K)]
  0x000001f73ef8da10 JavaThread "Reference Handler"          daemon [_thread_blocked, id=30260, stack(0x000000f2e2c00000,0x000000f2e2d00000) (1024K)]
  0x000001f73ef8ec60 JavaThread "Finalizer"                  daemon [_thread_blocked, id=31128, stack(0x000000f2e2d00000,0x000000f2e2e00000) (1024K)]
  0x000001f73ef93b70 JavaThread "Signal Dispatcher"          daemon [_thread_blocked, id=41088, stack(0x000000f2e2e00000,0x000000f2e2f00000) (1024K)]
  0x000001f73ef95a90 JavaThread "Attach Listener"            daemon [_thread_blocked, id=13000, stack(0x000000f2e2f00000,0x000000f2e3000000) (1024K)]
  0x000001f73ef99b10 JavaThread "Service Thread"             daemon [_thread_blocked, id=41940, stack(0x000000f2e3000000,0x000000f2e3100000) (1024K)]
  0x000001f73ef9c300 JavaThread "Monitor Deflation Thread"   daemon [_thread_blocked, id=3668, stack(0x000000f2e3100000,0x000000f2e3200000) (1024K)]
=>0x000001f797f47450 JavaThread "C2 CompilerThread0"         daemon [_thread_in_native, id=26484, stack(0x000000f2e3200000,0x000000f2e3300000) (1024K)]
  0x000001f797f47ca0 JavaThread "C1 CompilerThread0"         daemon [_thread_in_native, id=39672, stack(0x000000f2e3300000,0x000000f2e3400000) (1024K)]
  0x000001f798076dc0 JavaThread "Common-Cleaner"             daemon [_thread_blocked, id=3540, stack(0x000000f2e3400000,0x000000f2e3500000) (1024K)]
  0x000001f7996453a0 JavaThread "Notification Thread"        daemon [_thread_blocked, id=724, stack(0x000000f2e3500000,0x000000f2e3600000) (1024K)]
  0x000001f799ce40d0 JavaThread "Active Thread: Equinox Container: 42ad1b09-8313-49d1-b5d2-384dfd3eda66"        [_thread_blocked, id=36072, stack(0x000000f2e4300000,0x000000f2e4400000) (1024K)]
  0x000001f799784aa0 JavaThread "Framework Event Dispatcher: Equinox Container: 42ad1b09-8313-49d1-b5d2-384dfd3eda66" daemon [_thread_blocked, id=22624, stack(0x000000f2e4500000,0x000000f2e4600000) (1024K)]
  0x000001f799d2d4d0 JavaThread "Start Level: Equinox Container: 42ad1b09-8313-49d1-b5d2-384dfd3eda66" daemon [_thread_blocked, id=11976, stack(0x000000f2e4600000,0x000000f2e4700000) (1024K)]
  0x000001f799d2e1f0 JavaThread "Refresh Thread: Equinox Container: 42ad1b09-8313-49d1-b5d2-384dfd3eda66" daemon [_thread_blocked, id=13376, stack(0x000000f2e4700000,0x000000f2e4800000) (1024K)]
  0x000001f79e26c4e0 JavaThread "Bundle File Closer"         daemon [_thread_blocked, id=41016, stack(0x000000f2e5500000,0x000000f2e5600000) (1024K)]
  0x000001f79e265550 JavaThread "SCR Component Actor"        daemon [_thread_blocked, id=41488, stack(0x000000f2e5600000,0x000000f2e5700000) (1024K)]
  0x000001f79e266270 JavaThread "Worker-JM"                         [_thread_blocked, id=19928, stack(0x000000f2e5900000,0x000000f2e5a00000) (1024K)]
  0x000001f79e26aaa0 JavaThread "JNA Cleaner"                daemon [_thread_blocked, id=18500, stack(0x000000f2e3600000,0x000000f2e3700000) (1024K)]
  0x000001f79e266f90 JavaThread "Java indexing"              daemon [_thread_blocked, id=17856, stack(0x000000f2e5e00000,0x000000f2e5f00000) (1024K)]
  0x000001f79e2689d0 JavaThread "Thread-2"                   daemon [_thread_in_native, id=34500, stack(0x000000f2e6300000,0x000000f2e6400000) (1024K)]
  0x000001f79e26a410 JavaThread "Thread-3"                   daemon [_thread_in_native, id=27104, stack(0x000000f2e6400000,0x000000f2e6500000) (1024K)]
  0x000001f79e269060 JavaThread "Thread-4"                   daemon [_thread_in_native, id=17356, stack(0x000000f2e6500000,0x000000f2e6600000) (1024K)]
  0x000001f79e2696f0 JavaThread "Thread-5"                   daemon [_thread_in_native, id=14176, stack(0x000000f2e6600000,0x000000f2e6700000) (1024K)]
  0x000001f79e269d80 JavaThread "Thread-6"                   daemon [_thread_in_native, id=25680, stack(0x000000f2e6700000,0x000000f2e6800000) (1024K)]
  0x000001f7a07957f0 JavaThread "Thread-7"                   daemon [_thread_in_native, id=34780, stack(0x000000f2e6800000,0x000000f2e6900000) (1024K)]
  0x000001f7a07902a0 JavaThread "Thread-8"                   daemon [_thread_in_native, id=9684, stack(0x000000f2e6900000,0x000000f2e6a00000) (1024K)]
  0x000001f7a078f580 JavaThread "Thread-9"                   daemon [_thread_in_native, id=18084, stack(0x000000f2e6a00000,0x000000f2e6b00000) (1024K)]
  0x000001f7a0794ad0 JavaThread "Thread-10"                  daemon [_thread_in_native, id=24416, stack(0x000000f2e6b00000,0x000000f2e6c00000) (1024K)]
  0x000001f7a0790930 JavaThread "Thread-11"                  daemon [_thread_in_native, id=9244, stack(0x000000f2e6c00000,0x000000f2e6d00000) (1024K)]
  0x000001f7a0795160 JavaThread "Thread-12"                  daemon [_thread_in_native, id=15340, stack(0x000000f2e6d00000,0x000000f2e6e00000) (1024K)]
  0x000001f7a0791650 JavaThread "Thread-13"                  daemon [_thread_in_native, id=36024, stack(0x000000f2e6e00000,0x000000f2e6f00000) (1024K)]
  0x000001f7a0794440 JavaThread "Thread-14"                  daemon [_thread_in_native, id=41692, stack(0x000000f2e6f00000,0x000000f2e7000000) (1024K)]
  0x000001f7a0790fc0 JavaThread "Thread-15"                  daemon [_thread_in_native, id=10436, stack(0x000000f2e7000000,0x000000f2e7100000) (1024K)]
  0x000001f7a0792370 JavaThread "Thread-16"                  daemon [_thread_in_native, id=20732, stack(0x000000f2e7100000,0x000000f2e7200000) (1024K)]
  0x000001f7a078fc10 JavaThread "Thread-17"                  daemon [_thread_in_native, id=12552, stack(0x000000f2e7200000,0x000000f2e7300000) (1024K)]
  0x000001f7a0791ce0 JavaThread "Thread-18"                  daemon [_thread_in_native, id=15532, stack(0x000000f2e7300000,0x000000f2e7400000) (1024K)]
  0x000001f7a0793720 JavaThread "pool-2-thread-1"                   [_thread_blocked, id=27496, stack(0x000000f2e7400000,0x000000f2e7500000) (1024K)]
  0x000001f7a0792a00 JavaThread "WorkspaceEventsHandler"            [_thread_blocked, id=34216, stack(0x000000f2e7500000,0x000000f2e7600000) (1024K)]
  0x000001f7a0793090 JavaThread "pool-1-thread-1"                   [_thread_blocked, id=2460, stack(0x000000f2e7600000,0x000000f2e7700000) (1024K)]
  0x000001f79e9d41e0 JavaThread "LocalFile Deleter"          daemon [_thread_blocked, id=34748, stack(0x000000f2e8300000,0x000000f2e8400000) (1024K)]
  0x000001f79e9d3b50 JavaThread "LocalFile Deleter"          daemon [_thread_blocked, id=31844, stack(0x000000f2e8800000,0x000000f2e8900000) (1024K)]
  0x000001f7a16596b0 JavaThread "Worker-7"                          [_thread_blocked, id=39200, stack(0x000000f2e2600000,0x000000f2e2700000) (1024K)]
  0x000001f799dc2ee0 JavaThread "LocalFile Deleter"          daemon [_thread_blocked, id=40920, stack(0x000000f2e3d00000,0x000000f2e3e00000) (1024K)]
  0x000001f799dbe6b0 JavaThread "LocalFile Deleter"          daemon [_thread_blocked, id=26088, stack(0x000000f2e3e00000,0x000000f2e3f00000) (1024K)]
  0x000001f799dc0e10 JavaThread "LocalFile Deleter"          daemon [_thread_blocked, id=31228, stack(0x000000f2e3f00000,0x000000f2e4000000) (1024K)]
  0x000001f799dc4fb0 JavaThread "LocalFile Deleter"          daemon [_thread_blocked, id=27080, stack(0x000000f2e4800000,0x000000f2e4900000) (1024K)]
  0x000001f799dc5640 JavaThread "LocalFile Deleter"          daemon [_thread_blocked, id=37024, stack(0x000000f2e4900000,0x000000f2e4a00000) (1024K)]
  0x000001f799dc14a0 JavaThread "LocalFile Deleter"          daemon [_thread_blocked, id=16912, stack(0x000000f2e4a00000,0x000000f2e4b00000) (1024K)]
  0x000001f799dc5cd0 JavaThread "LocalFile Deleter"          daemon [_thread_blocked, id=18072, stack(0x000000f2e4b00000,0x000000f2e4c00000) (1024K)]
  0x000001f799dc2850 JavaThread "LocalFile Deleter"          daemon [_thread_blocked, id=40832, stack(0x000000f2e4c00000,0x000000f2e4d00000) (1024K)]
  0x000001f7a165c4a0 JavaThread "Worker-9"                          [_thread_blocked, id=40500, stack(0x000000f2e8a00000,0x000000f2e8b00000) (1024K)]
  0x000001f79e26b7c0 JavaThread "ForkJoinPool.commonPool-worker-16" daemon [_thread_in_native, id=9700, stack(0x000000f2e2500000,0x000000f2e2600000) (1024K)]
  0x000001f79e26be50 JavaThread "ForkJoinPool.commonPool-worker-17" daemon [_thread_blocked, id=27016, stack(0x000000f2e2700000,0x000000f2e2800000) (1024K)]
  0x000001f79e265be0 JavaThread "ForkJoinPool.commonPool-worker-18" daemon [_thread_blocked, id=41428, stack(0x000000f2e4000000,0x000000f2e4100000) (1024K)]
  0x000001f79e264ec0 JavaThread "Worker-10"                         [_thread_blocked, id=28372, stack(0x000000f2e4100000,0x000000f2e4200000) (1024K)]
  0x000001f79e9d6940 JavaThread "ForkJoinPool.commonPool-worker-20" daemon [_thread_blocked, id=10472, stack(0x000000f2e5100000,0x000000f2e5200000) (1024K)]
  0x000001f79e9d34c0 JavaThread "ForkJoinPool.commonPool-worker-21" daemon [_thread_blocked, id=41396, stack(0x000000f2e5700000,0x000000f2e5800000) (1024K)]
  0x000001f79e9d2e30 JavaThread "ForkJoinPool.commonPool-worker-19" daemon [_thread_blocked, id=36224, stack(0x000000f2e5b00000,0x000000f2e5c00000) (1024K)]
  0x000001f79e9d5c20 JavaThread "ForkJoinPool.commonPool-worker-22" daemon [_thread_in_Java, id=41748, stack(0x000000f2e5c00000,0x000000f2e5d00000) (1024K)]
  0x000001f79e9d1a80 JavaThread "ForkJoinPool.commonPool-worker-23" daemon [_thread_blocked, id=19148, stack(0x000000f2e5d00000,0x000000f2e5e00000) (1024K)]
  0x000001f79e9d4870 JavaThread "ForkJoinPool.commonPool-worker-24" daemon [_thread_blocked, id=41432, stack(0x000000f2e5f00000,0x000000f2e6000000) (1024K)]
  0x000001f79e9d4f00 JavaThread "ForkJoinPool.commonPool-worker-25" daemon [_thread_blocked, id=25488, stack(0x000000f2e6000000,0x000000f2e6100000) (1024K)]
  0x000001f79e9d8380 JavaThread "Worker-11"                         [_thread_blocked, id=41600, stack(0x000000f2e4200000,0x000000f2e4300000) (1024K)]
  0x000001f79e9d62b0 JavaThread "Worker-12"                         [_thread_blocked, id=34596, stack(0x000000f2e4d00000,0x000000f2e4e00000) (1024K)]
  0x000001f79e9d2110 JavaThread "Worker-13"                         [_thread_blocked, id=40368, stack(0x000000f2e4e00000,0x000000f2e4f00000) (1024K)]
  0x000001f79e9d7cf0 JavaThread "LocalFile Deleter"          daemon [_thread_blocked, id=41596, stack(0x000000f2e4f00000,0x000000f2e5000000) (1024K)]
  0x000001f79e9d6fd0 JavaThread "LocalFile Deleter"          daemon [_thread_blocked, id=22596, stack(0x000000f2e5000000,0x000000f2e5100000) (1024K)]
  0x000001f79e9d7660 JavaThread "LocalFile Deleter"          daemon [_thread_blocked, id=2308, stack(0x000000f2e6100000,0x000000f2e6200000) (1024K)]
  0x000001f79e9d5590 JavaThread "LocalFile Deleter"          daemon [_thread_blocked, id=39292, stack(0x000000f2e6200000,0x000000f2e6300000) (1024K)]
  0x000001f79e9d8a10 JavaThread "LocalFile Deleter"          daemon [_thread_blocked, id=32684, stack(0x000000f2e7700000,0x000000f2e7800000) (1024K)]
  0x000001f79e9d90a0 JavaThread "LocalFile Deleter"          daemon [_thread_blocked, id=15852, stack(0x000000f2e7800000,0x000000f2e7900000) (1024K)]
  0x000001f79e9d27a0 JavaThread "Compiler Source File Reader" daemon [_thread_blocked, id=2004, stack(0x000000f2e7900000,0x000000f2e7a00000) (1024K)]
  0x000001f7a1659020 JavaThread "Compiler Source File Reader" daemon [_thread_blocked, id=26572, stack(0x000000f2e7a00000,0x000000f2e7b00000) (1024K)]
  0x000001f7a165dee0 JavaThread "Compiler Source File Reader" daemon [_thread_blocked, id=37776, stack(0x000000f2e7b00000,0x000000f2e7c00000) (1024K)]
  0x000001f7a165b780 JavaThread "Compiler Source File Reader" daemon [_thread_blocked, id=35928, stack(0x000000f2e7c00000,0x000000f2e7d00000) (1024K)]
  0x000001f7a1659d40 JavaThread "Compiler Source File Reader" daemon [_thread_blocked, id=38864, stack(0x000000f2e7d00000,0x000000f2e7e00000) (1024K)]
  0x000001f7a165e570 JavaThread "Compiler Source File Reader" daemon [_thread_blocked, id=41780, stack(0x000000f2e7e00000,0x000000f2e7f00000) (1024K)]
  0x000001f7a165ec00 JavaThread "Compiler Source File Reader" daemon [_thread_blocked, id=35596, stack(0x000000f2e7f00000,0x000000f2e8000000) (1024K)]
  0x000001f7a165a3d0 JavaThread "Compiler Source File Reader" daemon [_thread_blocked, id=4912, stack(0x000000f2e8000000,0x000000f2e8100000) (1024K)]
  0x000001f7a165f290 JavaThread "Compiler Source File Reader" daemon [_thread_blocked, id=18008, stack(0x000000f2e8100000,0x000000f2e8200000) (1024K)]
  0x000001f7a165cb30 JavaThread "Compiler Source File Reader" daemon [_thread_blocked, id=12600, stack(0x000000f2e8200000,0x000000f2e8300000) (1024K)]
  0x000001f7a165be10 JavaThread "Compiler Source File Reader" daemon [_thread_blocked, id=31856, stack(0x000000f2e8400000,0x000000f2e8500000) (1024K)]
  0x000001f7a165f920 JavaThread "Compiler Source File Reader" daemon [_thread_blocked, id=17548, stack(0x000000f2e8500000,0x000000f2e8600000) (1024K)]
Total: 84

Other Threads:
  0x000001f73ef840f0 VMThread "VM Thread"                           [id=32292, stack(0x000000f2e2b00000,0x000000f2e2c00000) (1024K)]
  0x000001f73f04a860 WatcherThread "VM Periodic Task Thread"        [id=1180, stack(0x000000f2e2a00000,0x000000f2e2b00000) (1024K)]
  0x000001f73efff460 WorkerThread "GC Thread#0"                     [id=35968, stack(0x000000f2e2900000,0x000000f2e2a00000) (1024K)]
  0x000001f7982abfc0 WorkerThread "GC Thread#1"                     [id=40628, stack(0x000000f2e3700000,0x000000f2e3800000) (1024K)]
  0x000001f799716210 WorkerThread "GC Thread#2"                     [id=5656, stack(0x000000f2e3800000,0x000000f2e3900000) (1024K)]
  0x000001f7997165b0 WorkerThread "GC Thread#3"                     [id=41024, stack(0x000000f2e3900000,0x000000f2e3a00000) (1024K)]
  0x000001f799716950 WorkerThread "GC Thread#4"                     [id=20800, stack(0x000000f2e3a00000,0x000000f2e3b00000) (1024K)]
  0x000001f7982a03d0 WorkerThread "GC Thread#5"                     [id=11856, stack(0x000000f2e3b00000,0x000000f2e3c00000) (1024K)]
  0x000001f799787270 WorkerThread "GC Thread#6"                     [id=17624, stack(0x000000f2e3c00000,0x000000f2e3d00000) (1024K)]
  0x000001f7997879b0 WorkerThread "GC Thread#7"                     [id=31004, stack(0x000000f2e4400000,0x000000f2e4500000) (1024K)]
  0x000001f799787610 WorkerThread "GC Thread#8"                     [id=7892, stack(0x000000f2e5200000,0x000000f2e5300000) (1024K)]
  0x000001f799786ed0 WorkerThread "GC Thread#9"                     [id=40176, stack(0x000000f2e5300000,0x000000f2e5400000) (1024K)]
  0x000001f79e86b5a0 WorkerThread "GC Thread#10"                    [id=35512, stack(0x000000f2e5400000,0x000000f2e5500000) (1024K)]
  0x000001f79e86d9e0 WorkerThread "GC Thread#11"                    [id=41324, stack(0x000000f2e5800000,0x000000f2e5900000) (1024K)]
  0x000001f79e86ec00 WorkerThread "GC Thread#12"                    [id=5128, stack(0x000000f2e5a00000,0x000000f2e5b00000) (1024K)]
Total: 15

Threads with active compile tasks:
C2 CompilerThread0  1111056 20474       4       org.eclipse.jdt.internal.compiler.lookup.ModuleBinding::getVisiblePackage (472 bytes)
Total: 1

VM state: not at safepoint (normal execution)

VM Mutex/Monitor currently owned by a thread: None

Heap address: 0x0000000080000000, size: 2048 MB, Compressed Oops mode: 32-bit

CDS archive(s) mapped at: [0x000001f756000000-0x000001f756ba0000-0x000001f756ba0000), size 12189696, SharedBaseAddress: 0x000001f756000000, ArchiveRelocationMode: 1.
Compressed class space mapped at: 0x000001f757000000-0x000001f797000000, reserved size: 1073741824
Narrow klass base: 0x000001f756000000, Narrow klass shift: 0, Narrow klass range: 0x100000000

GC Precious Log:
 CardTable entry size: 512
 CPUs: 16 total, 16 available
 Memory: 7893M
 Large Page Support: Disabled
 NUMA Support: Disabled
 Compressed Oops: Enabled (32-bit)
 Alignments: Space 512K, Generation 512K, Heap 2M
 Heap Min Capacity: 100M
 Heap Initial Capacity: 100M
 Heap Max Capacity: 2G
 Pre-touch: Disabled
 Parallel Workers: 13

Heap:
 PSYoungGen      total 115200K, used 108536K [0x00000000d5580000, 0x00000000def80000, 0x0000000100000000)
  eden space 114176K, 94% used [0x00000000d5580000,0x00000000dbe80f60,0x00000000dc500000)
  from space 1024K, 98% used [0x00000000dee80000,0x00000000def7d250,0x00000000def80000)
  to   space 9728K, 0% used [0x00000000ddc80000,0x00000000ddc80000,0x00000000de600000)
 ParOldGen       total 1060352K, used 369146K [0x0000000080000000, 0x00000000c0b80000, 0x00000000d5580000)
  object space 1060352K, 34% used [0x0000000080000000,0x000000009687ea08,0x00000000c0b80000)
 Metaspace       used 73441K, committed 75136K, reserved 1179648K
  class space    used 7329K, committed 8064K, reserved 1048576K

Card table byte_map: [0x000001f73e990000,0x000001f73eda0000] _byte_map_base: 0x000001f73e590000

Marking Bits: (ParMarkBitMap*) 0x00007ffab2cea340
 Begin Bits: [0x000001f751490000, 0x000001f753490000)
 End Bits:   [0x000001f753490000, 0x000001f755490000)

Polling page: 0x000001f73ce80000

Metaspace:

Usage:
  Non-class:     64.56 MB used.
      Class:      7.16 MB used.
       Both:     71.72 MB used.

Virtual space:
  Non-class space:      128.00 MB reserved,      65.50 MB ( 51%) committed,  2 nodes.
      Class space:        1.00 GB reserved,       7.88 MB ( <1%) committed,  1 nodes.
             Both:        1.12 GB reserved,      73.38 MB (  6%) committed. 

Chunk freelists:
   Non-Class:  14.31 MB
       Class:  8.09 MB
        Both:  22.40 MB

MaxMetaspaceSize: unlimited
CompressedClassSpaceSize: 1.00 GB
Initial GC threshold: 21.00 MB
Current GC threshold: 119.00 MB
CDS: on
 - commit_granule_bytes: 65536.
 - commit_granule_words: 8192.
 - virtual_space_node_default_size: 8388608.
 - enlarge_chunks_in_place: 1.
 - use_allocation_guard: 0.


Internal statistics:

num_allocs_failed_limit: 9.
num_arena_births: 1478.
num_arena_deaths: 24.
num_vsnodes_births: 3.
num_vsnodes_deaths: 0.
num_space_committed: 1174.
num_space_uncommitted: 0.
num_chunks_returned_to_freelist: 37.
num_chunks_taken_from_freelist: 5023.
num_chunk_merges: 17.
num_chunk_splits: 3056.
num_chunks_enlarged: 1757.
num_inconsistent_stats: 0.

CodeHeap 'non-profiled nmethods': size=119168Kb used=14525Kb max_used=14525Kb free=104643Kb
 bounds [0x000001f749d80000, 0x000001f74abb0000, 0x000001f7511e0000]
CodeHeap 'profiled nmethods': size=119104Kb used=44235Kb max_used=44235Kb free=74868Kb
 bounds [0x000001f7421e0000, 0x000001f744d20000, 0x000001f749630000]
CodeHeap 'non-nmethods': size=7488Kb used=1467Kb max_used=3195Kb free=6020Kb
 bounds [0x000001f749630000, 0x000001f749960000, 0x000001f749d80000]
CodeCache: size=245760Kb, used=60227Kb, max_used=61955Kb, free=185531Kb
 total_blobs=19613, nmethods=18842, adapters=676, full_count=0
Compilation: enabled, stopped_count=0, restarted_count=0

Compilation events (20 events):
Event: 1110.825 Thread 0x000001f797f47ca0 nmethod 20620 0x000001f744c97d90 code [0x000001f744c97fc0, 0x000001f744c98820]
Event: 1110.836 Thread 0x000001f797f47ca0 20622       3       org.eclipse.jdt.internal.compiler.lookup.ReferenceBinding::isClass (15 bytes)
Event: 1110.836 Thread 0x000001f797f47ca0 nmethod 20622 0x000001f744c98b10 code [0x000001f744c98cc0, 0x000001f744c98e38]
Event: 1110.836 Thread 0x000001f797f47ca0 20623       1       org.eclipse.jdt.internal.compiler.lookup.AnnotationBinding::getElementValuePairs (5 bytes)
Event: 1110.836 Thread 0x000001f797f47ca0 nmethod 20623 0x000001f74abad310 code [0x000001f74abad4a0, 0x000001f74abad568]
Event: 1110.846 Thread 0x000001f797f47ca0 20625       3       org.eclipse.jdt.core.compiler.CharOperation::containsEqual (38 bytes)
Event: 1110.847 Thread 0x000001f797f47ca0 nmethod 20625 0x000001f744c98f10 code [0x000001f744c990e0, 0x000001f744c993a8]
Event: 1110.848 Thread 0x000001f797f47ca0 20626       3       org.eclipse.jdt.internal.compiler.parser.Parser::consumeSingleMemberAnnotationMemberValue (30 bytes)
Event: 1110.848 Thread 0x000001f797f47ca0 nmethod 20626 0x000001f744c99510 code [0x000001f744c996e0, 0x000001f744c99af8]
Event: 1110.850 Thread 0x000001f797f47ca0 20627       3       org.eclipse.jdt.internal.compiler.parser.Parser::parse (9 bytes)
Event: 1110.850 Thread 0x000001f797f47ca0 nmethod 20627 0x000001f744c99c10 code [0x000001f744c99dc0, 0x000001f744c99f88]
Event: 1110.850 Thread 0x000001f797f47ca0 20628       3       org.eclipse.jdt.internal.compiler.parser.Parser::goForCompilationUnit (24 bytes)
Event: 1110.850 Thread 0x000001f797f47ca0 nmethod 20628 0x000001f744c9a090 code [0x000001f744c9a220, 0x000001f744c9a368]
Event: 1110.850 Thread 0x000001f797f47ca0 20630       3       lombok.eclipse.EclipseAST::<init> (68 bytes)
Event: 1110.851 Thread 0x000001f797f47ca0 nmethod 20630 0x000001f744c9a410 code [0x000001f744c9a6a0, 0x000001f744c9b360]
Event: 1110.851 Thread 0x000001f797f47ca0 20629       3       java.lang.Runtime$Version::compare (60 bytes)
Event: 1110.851 Thread 0x000001f797f47ca0 nmethod 20629 0x000001f744c9b810 code [0x000001f744c9ba20, 0x000001f744c9bea0]
Event: 1110.851 Thread 0x000001f797f47ca0 20632       3       java.lang.Runtime$Version::compareTo (7 bytes)
Event: 1110.852 Thread 0x000001f797f47ca0 nmethod 20632 0x000001f744c9c010 code [0x000001f744c9c1c0, 0x000001f744c9c300]
Event: 1110.857 Thread 0x000001f797f47ca0 20634   !   3       org.eclipse.jdt.internal.compiler.ast.TypeDeclaration::resolve (1799 bytes)

GC Heap History (20 events):
Event: 1106.008 GC heap before
{Heap before GC invocations=1805 (full 4):
 PSYoungGen      total 74752K, used 74497K [0x00000000d5580000, 0x00000000da280000, 0x0000000100000000)
  eden space 72704K, 100% used [0x00000000d5580000,0x00000000d9c80000,0x00000000d9c80000)
  from space 2048K, 87% used [0x00000000da080000,0x00000000da2407e0,0x00000000da280000)
  to   space 2560K, 0% used [0x00000000d9d80000,0x00000000d9d80000,0x00000000da000000)
 ParOldGen       total 1060352K, used 352991K [0x0000000080000000, 0x00000000c0b80000, 0x00000000d5580000)
  object space 1060352K, 33% used [0x0000000080000000,0x00000000958b7fe8,0x00000000c0b80000)
 Metaspace       used 72528K, committed 74240K, reserved 1179648K
  class space    used 7271K, committed 8000K, reserved 1048576K
}
Event: 1106.017 GC heap after
{Heap after GC invocations=1805 (full 4):
 PSYoungGen      total 76288K, used 1407K [0x00000000d5580000, 0x00000000daf00000, 0x0000000100000000)
  eden space 73728K, 0% used [0x00000000d5580000,0x00000000d5580000,0x00000000d9d80000)
  from space 2560K, 54% used [0x00000000d9d80000,0x00000000d9edffb0,0x00000000da000000)
  to   space 2048K, 0% used [0x00000000dad00000,0x00000000dad00000,0x00000000daf00000)
 ParOldGen       total 1060352K, used 353207K [0x0000000080000000, 0x00000000c0b80000, 0x00000000d5580000)
  object space 1060352K, 33% used [0x0000000080000000,0x00000000958edfe8,0x00000000c0b80000)
 Metaspace       used 72528K, committed 74240K, reserved 1179648K
  class space    used 7271K, committed 8000K, reserved 1048576K
}
Event: 1106.286 GC heap before
{Heap before GC invocations=1806 (full 4):
 PSYoungGen      total 76288K, used 75135K [0x00000000d5580000, 0x00000000daf00000, 0x0000000100000000)
  eden space 73728K, 100% used [0x00000000d5580000,0x00000000d9d80000,0x00000000d9d80000)
  from space 2560K, 54% used [0x00000000d9d80000,0x00000000d9edffb0,0x00000000da000000)
  to   space 2048K, 0% used [0x00000000dad00000,0x00000000dad00000,0x00000000daf00000)
 ParOldGen       total 1060352K, used 353207K [0x0000000080000000, 0x00000000c0b80000, 0x00000000d5580000)
  object space 1060352K, 33% used [0x0000000080000000,0x00000000958edfe8,0x00000000c0b80000)
 Metaspace       used 72528K, committed 74240K, reserved 1179648K
  class space    used 7271K, committed 8000K, reserved 1048576K
}
Event: 1106.292 GC heap after
{Heap after GC invocations=1806 (full 4):
 PSYoungGen      total 90112K, used 1269K [0x00000000d5580000, 0x00000000daf00000, 0x0000000100000000)
  eden space 88064K, 0% used [0x00000000d5580000,0x00000000d5580000,0x00000000dab80000)
  from space 2048K, 61% used [0x00000000dad00000,0x00000000dae3d410,0x00000000daf00000)
  to   space 1536K, 0% used [0x00000000dab80000,0x00000000dab80000,0x00000000dad00000)
 ParOldGen       total 1060352K, used 354238K [0x0000000080000000, 0x00000000c0b80000, 0x00000000d5580000)
  object space 1060352K, 33% used [0x0000000080000000,0x00000000959ef8f8,0x00000000c0b80000)
 Metaspace       used 72528K, committed 74240K, reserved 1179648K
  class space    used 7271K, committed 8000K, reserved 1048576K
}
Event: 1106.858 GC heap before
{Heap before GC invocations=1807 (full 4):
 PSYoungGen      total 90112K, used 89333K [0x00000000d5580000, 0x00000000daf00000, 0x0000000100000000)
  eden space 88064K, 100% used [0x00000000d5580000,0x00000000dab80000,0x00000000dab80000)
  from space 2048K, 61% used [0x00000000dad00000,0x00000000dae3d410,0x00000000daf00000)
  to   space 1536K, 0% used [0x00000000dab80000,0x00000000dab80000,0x00000000dad00000)
 ParOldGen       total 1060352K, used 354238K [0x0000000080000000, 0x00000000c0b80000, 0x00000000d5580000)
  object space 1060352K, 33% used [0x0000000080000000,0x00000000959ef8f8,0x00000000c0b80000)
 Metaspace       used 72528K, committed 74240K, reserved 1179648K
  class space    used 7271K, committed 8000K, reserved 1048576K
}
Event: 1106.923 GC heap after
{Heap after GC invocations=1807 (full 4):
 PSYoungGen      total 89600K, used 1525K [0x00000000d5580000, 0x00000000dc500000, 0x0000000100000000)
  eden space 88064K, 0% used [0x00000000d5580000,0x00000000d5580000,0x00000000dab80000)
  from space 1536K, 99% used [0x00000000dab80000,0x00000000dacfd488,0x00000000dad00000)
  to   space 4096K, 0% used [0x00000000dc100000,0x00000000dc100000,0x00000000dc500000)
 ParOldGen       total 1060352K, used 355971K [0x0000000080000000, 0x00000000c0b80000, 0x00000000d5580000)
  object space 1060352K, 33% used [0x0000000080000000,0x0000000095ba0d58,0x00000000c0b80000)
 Metaspace       used 72528K, committed 74240K, reserved 1179648K
  class space    used 7271K, committed 8000K, reserved 1048576K
}
Event: 1107.228 GC heap before
{Heap before GC invocations=1808 (full 4):
 PSYoungGen      total 89600K, used 89589K [0x00000000d5580000, 0x00000000dc500000, 0x0000000100000000)
  eden space 88064K, 100% used [0x00000000d5580000,0x00000000dab80000,0x00000000dab80000)
  from space 1536K, 99% used [0x00000000dab80000,0x00000000dacfd488,0x00000000dad00000)
  to   space 4096K, 0% used [0x00000000dc100000,0x00000000dc100000,0x00000000dc500000)
 ParOldGen       total 1060352K, used 355971K [0x0000000080000000, 0x00000000c0b80000, 0x00000000d5580000)
  object space 1060352K, 33% used [0x0000000080000000,0x0000000095ba0d58,0x00000000c0b80000)
 Metaspace       used 72528K, committed 74240K, reserved 1179648K
  class space    used 7271K, committed 8000K, reserved 1048576K
}
Event: 1107.315 GC heap after
{Heap after GC invocations=1808 (full 4):
 PSYoungGen      total 107008K, used 705K [0x00000000d5580000, 0x00000000dc200000, 0x0000000100000000)
  eden space 105984K, 0% used [0x00000000d5580000,0x00000000d5580000,0x00000000dbd00000)
  from space 1024K, 68% used [0x00000000dc100000,0x00000000dc1b0450,0x00000000dc200000)
  to   space 2048K, 0% used [0x00000000dbe00000,0x00000000dbe00000,0x00000000dc000000)
 ParOldGen       total 1060352K, used 356914K [0x0000000080000000, 0x00000000c0b80000, 0x00000000d5580000)
  object space 1060352K, 33% used [0x0000000080000000,0x0000000095c8ca40,0x00000000c0b80000)
 Metaspace       used 72528K, committed 74240K, reserved 1179648K
  class space    used 7271K, committed 8000K, reserved 1048576K
}
Event: 1107.525 GC heap before
{Heap before GC invocations=1809 (full 4):
 PSYoungGen      total 107008K, used 106689K [0x00000000d5580000, 0x00000000dc200000, 0x0000000100000000)
  eden space 105984K, 100% used [0x00000000d5580000,0x00000000dbd00000,0x00000000dbd00000)
  from space 1024K, 68% used [0x00000000dc100000,0x00000000dc1b0450,0x00000000dc200000)
  to   space 2048K, 0% used [0x00000000dbe00000,0x00000000dbe00000,0x00000000dc000000)
 ParOldGen       total 1060352K, used 356914K [0x0000000080000000, 0x00000000c0b80000, 0x00000000d5580000)
  object space 1060352K, 33% used [0x0000000080000000,0x0000000095c8ca40,0x00000000c0b80000)
 Metaspace       used 72528K, committed 74240K, reserved 1179648K
  class space    used 7271K, committed 8000K, reserved 1048576K
}
Event: 1107.595 GC heap after
{Heap after GC invocations=1809 (full 4):
 PSYoungGen      total 109056K, used 2011K [0x00000000d5580000, 0x00000000dd700000, 0x0000000100000000)
  eden space 107008K, 0% used [0x00000000d5580000,0x00000000d5580000,0x00000000dbe00000)
  from space 2048K, 98% used [0x00000000dbe00000,0x00000000dbff6c80,0x00000000dc000000)
  to   space 2560K, 0% used [0x00000000dd480000,0x00000000dd480000,0x00000000dd700000)
 ParOldGen       total 1060352K, used 357382K [0x0000000080000000, 0x00000000c0b80000, 0x00000000d5580000)
  object space 1060352K, 33% used [0x0000000080000000,0x0000000095d01a08,0x00000000c0b80000)
 Metaspace       used 72528K, committed 74240K, reserved 1179648K
  class space    used 7271K, committed 8000K, reserved 1048576K
}
Event: 1107.729 GC heap before
{Heap before GC invocations=1810 (full 4):
 PSYoungGen      total 109056K, used 109019K [0x00000000d5580000, 0x00000000dd700000, 0x0000000100000000)
  eden space 107008K, 100% used [0x00000000d5580000,0x00000000dbe00000,0x00000000dbe00000)
  from space 2048K, 98% used [0x00000000dbe00000,0x00000000dbff6c80,0x00000000dc000000)
  to   space 2560K, 0% used [0x00000000dd480000,0x00000000dd480000,0x00000000dd700000)
 ParOldGen       total 1060352K, used 357382K [0x0000000080000000, 0x00000000c0b80000, 0x00000000d5580000)
  object space 1060352K, 33% used [0x0000000080000000,0x0000000095d01a08,0x00000000c0b80000)
 Metaspace       used 72528K, committed 74240K, reserved 1179648K
  class space    used 7271K, committed 8000K, reserved 1048576K
}
Event: 1107.775 GC heap after
{Heap after GC invocations=1810 (full 4):
 PSYoungGen      total 130048K, used 576K [0x00000000d5580000, 0x00000000dd600000, 0x0000000100000000)
  eden space 128512K, 0% used [0x00000000d5580000,0x00000000d5580000,0x00000000dd300000)
  from space 1536K, 37% used [0x00000000dd480000,0x00000000dd510000,0x00000000dd600000)
  to   space 1536K, 0% used [0x00000000dd300000,0x00000000dd300000,0x00000000dd480000)
 ParOldGen       total 1060352K, used 359068K [0x0000000080000000, 0x00000000c0b80000, 0x00000000d5580000)
  object space 1060352K, 33% used [0x0000000080000000,0x0000000095ea7190,0x00000000c0b80000)
 Metaspace       used 72528K, committed 74240K, reserved 1179648K
  class space    used 7271K, committed 8000K, reserved 1048576K
}
Event: 1107.954 GC heap before
{Heap before GC invocations=1811 (full 4):
 PSYoungGen      total 130048K, used 129088K [0x00000000d5580000, 0x00000000dd600000, 0x0000000100000000)
  eden space 128512K, 100% used [0x00000000d5580000,0x00000000dd300000,0x00000000dd300000)
  from space 1536K, 37% used [0x00000000dd480000,0x00000000dd510000,0x00000000dd600000)
  to   space 1536K, 0% used [0x00000000dd300000,0x00000000dd300000,0x00000000dd480000)
 ParOldGen       total 1060352K, used 359068K [0x0000000080000000, 0x00000000c0b80000, 0x00000000d5580000)
  object space 1060352K, 33% used [0x0000000080000000,0x0000000095ea7190,0x00000000c0b80000)
 Metaspace       used 72528K, committed 74240K, reserved 1179648K
  class space    used 7271K, committed 8000K, reserved 1048576K
}
Event: 1107.980 GC heap after
{Heap after GC invocations=1811 (full 4):
 PSYoungGen      total 130048K, used 1523K [0x00000000d5580000, 0x00000000df180000, 0x0000000100000000)
  eden space 128512K, 0% used [0x00000000d5580000,0x00000000d5580000,0x00000000dd300000)
  from space 1536K, 99% used [0x00000000dd300000,0x00000000dd47ccb8,0x00000000dd480000)
  to   space 2560K, 0% used [0x00000000def00000,0x00000000def00000,0x00000000df180000)
 ParOldGen       total 1060352K, used 359577K [0x0000000080000000, 0x00000000c0b80000, 0x00000000d5580000)
  object space 1060352K, 33% used [0x0000000080000000,0x0000000095f264a8,0x00000000c0b80000)
 Metaspace       used 72528K, committed 74240K, reserved 1179648K
  class space    used 7271K, committed 8000K, reserved 1048576K
}
Event: 1108.260 GC heap before
{Heap before GC invocations=1812 (full 4):
 PSYoungGen      total 130048K, used 130035K [0x00000000d5580000, 0x00000000df180000, 0x0000000100000000)
  eden space 128512K, 100% used [0x00000000d5580000,0x00000000dd300000,0x00000000dd300000)
  from space 1536K, 99% used [0x00000000dd300000,0x00000000dd47ccb8,0x00000000dd480000)
  to   space 2560K, 0% used [0x00000000def00000,0x00000000def00000,0x00000000df180000)
 ParOldGen       total 1060352K, used 359577K [0x0000000080000000, 0x00000000c0b80000, 0x00000000d5580000)
  object space 1060352K, 33% used [0x0000000080000000,0x0000000095f264a8,0x00000000c0b80000)
 Metaspace       used 72546K, committed 74240K, reserved 1179648K
  class space    used 7272K, committed 8000K, reserved 1048576K
}
Event: 1108.275 GC heap after
{Heap after GC invocations=1812 (full 4):
 PSYoungGen      total 124928K, used 1336K [0x00000000d5580000, 0x00000000df080000, 0x0000000100000000)
  eden space 123392K, 0% used [0x00000000d5580000,0x00000000d5580000,0x00000000dce00000)
  from space 1536K, 86% used [0x00000000def00000,0x00000000df04e010,0x00000000df080000)
  to   space 2048K, 0% used [0x00000000dec80000,0x00000000dec80000,0x00000000dee80000)
 ParOldGen       total 1060352K, used 360842K [0x0000000080000000, 0x00000000c0b80000, 0x00000000d5580000)
  object space 1060352K, 34% used [0x0000000080000000,0x0000000096062a50,0x00000000c0b80000)
 Metaspace       used 72546K, committed 74240K, reserved 1179648K
  class space    used 7272K, committed 8000K, reserved 1048576K
}
Event: 1108.573 GC heap before
{Heap before GC invocations=1813 (full 4):
 PSYoungGen      total 124928K, used 124728K [0x00000000d5580000, 0x00000000df080000, 0x0000000100000000)
  eden space 123392K, 100% used [0x00000000d5580000,0x00000000dce00000,0x00000000dce00000)
  from space 1536K, 86% used [0x00000000def00000,0x00000000df04e010,0x00000000df080000)
  to   space 2048K, 0% used [0x00000000dec80000,0x00000000dec80000,0x00000000dee80000)
 ParOldGen       total 1060352K, used 360842K [0x0000000080000000, 0x00000000c0b80000, 0x00000000d5580000)
  object space 1060352K, 34% used [0x0000000080000000,0x0000000096062a50,0x00000000c0b80000)
 Metaspace       used 72605K, committed 74304K, reserved 1179648K
  class space    used 7276K, committed 8000K, reserved 1048576K
}
Event: 1108.583 GC heap after
{Heap after GC invocations=1813 (full 4):
 PSYoungGen      total 120832K, used 1843K [0x00000000d5580000, 0x00000000def80000, 0x0000000100000000)
  eden space 118784K, 0% used [0x00000000d5580000,0x00000000d5580000,0x00000000dc980000)
  from space 2048K, 90% used [0x00000000dec80000,0x00000000dee4cee8,0x00000000dee80000)
  to   space 1024K, 0% used [0x00000000dee80000,0x00000000dee80000,0x00000000def80000)
 ParOldGen       total 1060352K, used 361836K [0x0000000080000000, 0x00000000c0b80000, 0x00000000d5580000)
  object space 1060352K, 34% used [0x0000000080000000,0x000000009615b208,0x00000000c0b80000)
 Metaspace       used 72605K, committed 74304K, reserved 1179648K
  class space    used 7276K, committed 8000K, reserved 1048576K
}
Event: 1109.973 GC heap before
{Heap before GC invocations=1814 (full 4):
 PSYoungGen      total 120832K, used 120627K [0x00000000d5580000, 0x00000000def80000, 0x0000000100000000)
  eden space 118784K, 100% used [0x00000000d5580000,0x00000000dc980000,0x00000000dc980000)
  from space 2048K, 90% used [0x00000000dec80000,0x00000000dee4cee8,0x00000000dee80000)
  to   space 1024K, 0% used [0x00000000dee80000,0x00000000dee80000,0x00000000def80000)
 ParOldGen       total 1060352K, used 361836K [0x0000000080000000, 0x00000000c0b80000, 0x00000000d5580000)
  object space 1060352K, 34% used [0x0000000080000000,0x000000009615b208,0x00000000c0b80000)
 Metaspace       used 72968K, committed 74624K, reserved 1179648K
  class space    used 7301K, committed 8000K, reserved 1048576K
}
Event: 1110.089 GC heap after
{Heap after GC invocations=1814 (full 4):
 PSYoungGen      total 115200K, used 1012K [0x00000000d5580000, 0x00000000def80000, 0x0000000100000000)
  eden space 114176K, 0% used [0x00000000d5580000,0x00000000d5580000,0x00000000dc500000)
  from space 1024K, 98% used [0x00000000dee80000,0x00000000def7d250,0x00000000def80000)
  to   space 9728K, 0% used [0x00000000ddc80000,0x00000000ddc80000,0x00000000de600000)
 ParOldGen       total 1060352K, used 369146K [0x0000000080000000, 0x00000000c0b80000, 0x00000000d5580000)
  object space 1060352K, 34% used [0x0000000080000000,0x000000009687ea08,0x00000000c0b80000)
 Metaspace       used 72968K, committed 74624K, reserved 1179648K
  class space    used 7301K, committed 8000K, reserved 1048576K
}

Dll operation events (10 events):
Event: 0.009 Loaded shared library c:\Users\strangerts\.cursor\extensions\redhat.java-1.45.0-win32-x64\jre\21.0.8-win32-x86_64\bin\java.dll
Event: 0.110 Loaded shared library c:\Users\strangerts\.cursor\extensions\redhat.java-1.45.0-win32-x64\jre\21.0.8-win32-x86_64\bin\zip.dll
Event: 0.149 Loaded shared library C:\Users\strangerts\.cursor\extensions\redhat.java-1.45.0-win32-x64\jre\21.0.8-win32-x86_64\bin\instrument.dll
Event: 0.158 Loaded shared library C:\Users\strangerts\.cursor\extensions\redhat.java-1.45.0-win32-x64\jre\21.0.8-win32-x86_64\bin\net.dll
Event: 0.163 Loaded shared library C:\Users\strangerts\.cursor\extensions\redhat.java-1.45.0-win32-x64\jre\21.0.8-win32-x86_64\bin\nio.dll
Event: 0.168 Loaded shared library C:\Users\strangerts\.cursor\extensions\redhat.java-1.45.0-win32-x64\jre\21.0.8-win32-x86_64\bin\zip.dll
Event: 0.218 Loaded shared library C:\Users\strangerts\.cursor\extensions\redhat.java-1.45.0-win32-x64\jre\21.0.8-win32-x86_64\bin\jimage.dll
Event: 0.361 Loaded shared library c:\Users\strangerts\.cursor\extensions\redhat.java-1.45.0-win32-x64\jre\21.0.8-win32-x86_64\bin\verify.dll
Event: 3.151 Loaded shared library C:\Users\strangerts\AppData\Roaming\Cursor\User\globalStorage\redhat.java\1.45.0\config_win\org.eclipse.equinox.launcher\org.eclipse.equinox.launcher.win32.win32.x86_64_1.2.1400.v20250801-0854\eclipse_11916.dll
Event: 6.771 Loaded shared library C:\Users\strangerts\AppData\Local\Temp\jna--82658955\jna16966901848594096207.dll

Deoptimization events (20 events):
Event: 1110.774 Thread 0x000001f79e26b7c0 Uncommon trap: trap_request=0xffffff45 fr.pc=0x000001f74a6e09cc relative=0x00000000000000ac
Event: 1110.774 Thread 0x000001f79e26b7c0 Uncommon trap: reason=unstable_if action=reinterpret pc=0x000001f74a6e09cc method=org.eclipse.jdt.internal.compiler.util.Util.effectivelyEqual([Ljava/lang/Object;[Ljava/lang/Object;)Z @ 31 c2
Event: 1110.774 Thread 0x000001f79e26b7c0 DEOPT PACKING pc=0x000001f74a6e09cc sp=0x000000f2e25fd3d0
Event: 1110.774 Thread 0x000001f79e26b7c0 DEOPT UNPACKING pc=0x000001f749686da2 sp=0x000000f2e25fd360 mode 2
Event: 1110.774 Thread 0x000001f79e26b7c0 Uncommon trap: trap_request=0x00000394 fr.pc=0x000001f74a6e431c relative=0x000000000000023c
Event: 1110.774 Thread 0x000001f79e26b7c0 Uncommon trap: reason=unloaded action=reinterpret pc=0x000001f74a6e431c method=org.eclipse.jdt.internal.compiler.lookup.BinaryTypeBinding.getTypeAnnotationWalker([Lorg/eclipse/jdt/internal/compiler/env/IBinaryTypeAnnotation;I)Lorg/eclipse/jdt/internal/com
Event: 1110.774 Thread 0x000001f79e26b7c0 DEOPT PACKING pc=0x000001f74a6e431c sp=0x000000f2e25fd700
Event: 1110.774 Thread 0x000001f79e26b7c0 DEOPT UNPACKING pc=0x000001f749686da2 sp=0x000000f2e25fd6b8 mode 2
Event: 1110.774 Thread 0x000001f79e26b7c0 Uncommon trap: trap_request=0xffffff45 fr.pc=0x000001f74a4a4228 relative=0x0000000000000088
Event: 1110.774 Thread 0x000001f79e26b7c0 Uncommon trap: reason=unstable_if action=reinterpret pc=0x000001f74a4a4228 method=org.eclipse.jdt.internal.compiler.lookup.BinaryTypeBinding.isPrototype()Z @ 5 c2
Event: 1110.774 Thread 0x000001f79e26b7c0 DEOPT PACKING pc=0x000001f74a4a4228 sp=0x000000f2e25fd400
Event: 1110.774 Thread 0x000001f79e26b7c0 DEOPT UNPACKING pc=0x000001f749686da2 sp=0x000000f2e25fd338 mode 2
Event: 1110.775 Thread 0x000001f79e26b7c0 Uncommon trap: trap_request=0xffffff45 fr.pc=0x000001f74a471010 relative=0x0000000000000070
Event: 1110.775 Thread 0x000001f79e26b7c0 Uncommon trap: reason=unstable_if action=reinterpret pc=0x000001f74a471010 method=org.eclipse.jdt.internal.compiler.lookup.BinaryTypeBinding.isPrototype()Z @ 5 c2
Event: 1110.775 Thread 0x000001f79e26b7c0 DEOPT PACKING pc=0x000001f74a471010 sp=0x000000f2e25fd3a0
Event: 1110.775 Thread 0x000001f79e26b7c0 DEOPT UNPACKING pc=0x000001f749686da2 sp=0x000000f2e25fd338 mode 2
Event: 1110.857 Thread 0x000001f79e26b7c0 Uncommon trap: trap_request=0xffffff45 fr.pc=0x000001f74aae467c relative=0x00000000000001bc
Event: 1110.857 Thread 0x000001f79e26b7c0 Uncommon trap: reason=unstable_if action=reinterpret pc=0x000001f74aae467c method=org.eclipse.jdt.core.dom.DefaultCommentMapper.getLineNumber(I[I)I @ 37 c2
Event: 1110.857 Thread 0x000001f79e26b7c0 DEOPT PACKING pc=0x000001f74aae467c sp=0x000000f2e25fdd10
Event: 1110.858 Thread 0x000001f79e26b7c0 DEOPT UNPACKING pc=0x000001f749686da2 sp=0x000000f2e25fdc78 mode 2

Classes loaded (20 events):
Event: 721.733 Loading class com/sun/org/apache/xerces/internal/util/URI
Event: 721.746 Loading class com/sun/org/apache/xerces/internal/util/URI done
Event: 721.759 Loading class com/sun/org/apache/xerces/internal/xni/XNIException
Event: 721.761 Loading class com/sun/org/apache/xerces/internal/xni/XNIException done
Event: 721.778 Loading class com/sun/org/apache/xerces/internal/xni/parser/XMLParseException
Event: 721.780 Loading class com/sun/org/apache/xerces/internal/xni/parser/XMLParseException done
Event: 721.871 Loading class java/lang/Throwable$WrappedPrintWriter
Event: 721.873 Loading class java/lang/Throwable$PrintStreamOrWriter
Event: 721.880 Loading class java/lang/Throwable$PrintStreamOrWriter done
Event: 721.880 Loading class java/lang/Throwable$WrappedPrintWriter done
Event: 722.056 Loading class java/util/ArrayDeque$DeqSpliterator
Event: 722.057 Loading class java/util/ArrayDeque$DeqSpliterator done
Event: 1097.136 Loading class java/util/stream/ReduceOps$5
Event: 1097.161 Loading class java/util/stream/ReduceOps$5 done
Event: 1097.169 Loading class java/util/stream/ReduceOps$CountingSink$OfRef
Event: 1097.184 Loading class java/util/stream/ReduceOps$CountingSink
Event: 1097.213 Loading class java/util/stream/ReduceOps$CountingSink done
Event: 1097.213 Loading class java/util/stream/ReduceOps$CountingSink$OfRef done
Event: 1109.179 Loading class javax/xml/transform/TransformerConfigurationException
Event: 1109.183 Loading class javax/xml/transform/TransformerConfigurationException done

Classes unloaded (12 events):
Event: 7.249 Thread 0x000001f73ef840f0 Unloading class 0x000001f7571b2800 'java/lang/invoke/LambdaForm$MH+0x000001f7571b2800'
Event: 7.249 Thread 0x000001f73ef840f0 Unloading class 0x000001f7571b2400 'java/lang/invoke/LambdaForm$MH+0x000001f7571b2400'
Event: 7.249 Thread 0x000001f73ef840f0 Unloading class 0x000001f7571b2000 'java/lang/invoke/LambdaForm$MH+0x000001f7571b2000'
Event: 7.249 Thread 0x000001f73ef840f0 Unloading class 0x000001f7571b1c00 'java/lang/invoke/LambdaForm$MH+0x000001f7571b1c00'
Event: 7.249 Thread 0x000001f73ef840f0 Unloading class 0x000001f7571b1800 'java/lang/invoke/LambdaForm$BMH+0x000001f7571b1800'
Event: 7.249 Thread 0x000001f73ef840f0 Unloading class 0x000001f7571b1400 'java/lang/invoke/LambdaForm$DMH+0x000001f7571b1400'
Event: 7.249 Thread 0x000001f73ef840f0 Unloading class 0x000001f7571b0000 'java/lang/invoke/LambdaForm$DMH+0x000001f7571b0000'
Event: 723.654 Thread 0x000001f73ef840f0 Unloading class 0x000001f757789400 'java/lang/invoke/LambdaForm$DMH+0x000001f757789400'
Event: 723.657 Thread 0x000001f73ef840f0 Unloading class 0x000001f7576cd000 'java/lang/invoke/LambdaForm$DMH+0x000001f7576cd000'
Event: 723.657 Thread 0x000001f73ef840f0 Unloading class 0x000001f7576ccc00 'java/lang/invoke/LambdaForm$DMH+0x000001f7576ccc00'
Event: 723.658 Thread 0x000001f73ef840f0 Unloading class 0x000001f7576cc800 'java/lang/invoke/LambdaForm$DMH+0x000001f7576cc800'
Event: 723.658 Thread 0x000001f73ef840f0 Unloading class 0x000001f7576cc400 'java/lang/invoke/LambdaForm$DMH+0x000001f7576cc400'

Classes redefined (0 events):
No events

Internal exceptions (20 events):
Event: 1109.039 Thread 0x000001f79e266f90 Exception <a 'sun/nio/fs/WindowsException'{0x00000000d9976ce0}> (0x00000000d9976ce0) 
thrown [s\src\hotspot\share\prims\jni.cpp, line 520]
Event: 1109.525 Thread 0x000001f79e9d8380 Exception <a 'sun/nio/fs/WindowsException'{0x00000000dc10fe68}> (0x00000000dc10fe68) 
thrown [s\src\hotspot\share\prims\jni.cpp, line 520]
Event: 1109.525 Thread 0x000001f79e9d8380 Exception <a 'sun/nio/fs/WindowsException'{0x00000000dc110480}> (0x00000000dc110480) 
thrown [s\src\hotspot\share\prims\jni.cpp, line 520]
Event: 1109.529 Thread 0x000001f79e9d8380 Exception <a 'sun/nio/fs/WindowsException'{0x00000000dc1841f8}> (0x00000000dc1841f8) 
thrown [s\src\hotspot\share\prims\jni.cpp, line 520]
Event: 1109.529 Thread 0x000001f79e9d8380 Exception <a 'sun/nio/fs/WindowsException'{0x00000000dc184ac0}> (0x00000000dc184ac0) 
thrown [s\src\hotspot\share\prims\jni.cpp, line 520]
Event: 1109.574 Thread 0x000001f79e9d8380 Exception <a 'sun/nio/fs/WindowsException'{0x00000000dc4484a8}> (0x00000000dc4484a8) 
thrown [s\src\hotspot\share\prims\jni.cpp, line 520]
Event: 1109.580 Thread 0x000001f799dbe6b0 Exception <a 'sun/nio/fs/WindowsException'{0x00000000dc588ae8}> (0x00000000dc588ae8) 
thrown [s\src\hotspot\share\prims\jni.cpp, line 520]
Event: 1109.580 Thread 0x000001f799dbe6b0 Exception <a 'sun/nio/fs/WindowsException'{0x00000000dc589b38}> (0x00000000dc589b38) 
thrown [s\src\hotspot\share\prims\jni.cpp, line 520]
Event: 1109.581 Thread 0x000001f799dc0e10 Exception <a 'sun/nio/fs/WindowsException'{0x00000000dc649bb0}> (0x00000000dc649bb0) 
thrown [s\src\hotspot\share\prims\jni.cpp, line 520]
Event: 1109.581 Thread 0x000001f799dc5cd0 Exception <a 'sun/nio/fs/WindowsException'{0x00000000dc70aba8}> (0x00000000dc70aba8) 
thrown [s\src\hotspot\share\prims\jni.cpp, line 520]
Event: 1109.582 Thread 0x000001f799dc4fb0 Exception <a 'sun/nio/fs/WindowsException'{0x00000000dc7f2580}> (0x00000000dc7f2580) 
thrown [s\src\hotspot\share\prims\jni.cpp, line 520]
Event: 1109.582 Thread 0x000001f79e9d41e0 Exception <a 'sun/nio/fs/WindowsException'{0x00000000dc82db48}> (0x00000000dc82db48) 
thrown [s\src\hotspot\share\prims\jni.cpp, line 520]
Event: 1109.582 Thread 0x000001f79e9d3b50 Exception <a 'sun/nio/fs/WindowsException'{0x00000000dc8b2d48}> (0x00000000dc8b2d48) 
thrown [s\src\hotspot\share\prims\jni.cpp, line 520]
Event: 1109.584 Thread 0x000001f799dc2ee0 Exception <a 'sun/nio/fs/WindowsException'{0x00000000dc731518}> (0x00000000dc731518) 
thrown [s\src\hotspot\share\prims\jni.cpp, line 520]
Event: 1109.585 Thread 0x000001f799dc14a0 Exception <a 'sun/nio/fs/WindowsException'{0x00000000dc8bca30}> (0x00000000dc8bca30) 
thrown [s\src\hotspot\share\prims\jni.cpp, line 520]
Event: 1110.203 Thread 0x000001f7a165b780 Exception <a 'sun/nio/fs/WindowsException'{0x00000000d5ffffd8}> (0x00000000d5ffffd8) 
thrown [s\src\hotspot\share\prims\jni.cpp, line 520]
Event: 1110.386 Thread 0x000001f79e9d8380 Exception <a 'sun/nio/fs/WindowsException'{0x00000000d6e95358}> (0x00000000d6e95358) 
thrown [s\src\hotspot\share\prims\jni.cpp, line 520]
Event: 1110.388 Thread 0x000001f79e9d8380 Exception <a 'sun/nio/fs/WindowsException'{0x00000000d6e95970}> (0x00000000d6e95970) 
thrown [s\src\hotspot\share\prims\jni.cpp, line 520]
Event: 1110.522 Thread 0x000001f79e266f90 Exception <a 'sun/nio/fs/WindowsException'{0x00000000d6f8e500}> (0x00000000d6f8e500) 
thrown [s\src\hotspot\share\prims\jni.cpp, line 520]
Event: 1110.540 Thread 0x000001f79e266f90 Exception <a 'sun/nio/fs/WindowsException'{0x00000000d6fa0df0}> (0x00000000d6fa0df0) 
thrown [s\src\hotspot\share\prims\jni.cpp, line 520]

ZGC Phase Switch (0 events):
No events

VM Operations (20 events):
Event: 1106.858 Executing VM operation: ParallelGCFailedAllocation (Allocation Failure)
Event: 1106.923 Executing VM operation: ParallelGCFailedAllocation (Allocation Failure) done
Event: 1107.228 Executing VM operation: ParallelGCFailedAllocation (Allocation Failure)
Event: 1107.315 Executing VM operation: ParallelGCFailedAllocation (Allocation Failure) done
Event: 1107.525 Executing VM operation: ParallelGCFailedAllocation (Allocation Failure)
Event: 1107.595 Executing VM operation: ParallelGCFailedAllocation (Allocation Failure) done
Event: 1107.729 Executing VM operation: ParallelGCFailedAllocation (Allocation Failure)
Event: 1107.775 Executing VM operation: ParallelGCFailedAllocation (Allocation Failure) done
Event: 1107.954 Executing VM operation: ParallelGCFailedAllocation (Allocation Failure)
Event: 1107.980 Executing VM operation: ParallelGCFailedAllocation (Allocation Failure) done
Event: 1108.260 Executing VM operation: ParallelGCFailedAllocation (Allocation Failure)
Event: 1108.275 Executing VM operation: ParallelGCFailedAllocation (Allocation Failure) done
Event: 1108.573 Executing VM operation: ParallelGCFailedAllocation (Allocation Failure)
Event: 1108.583 Executing VM operation: ParallelGCFailedAllocation (Allocation Failure) done
Event: 1109.584 Executing VM operation: Cleanup
Event: 1109.967 Executing VM operation: Cleanup done
Event: 1109.968 Executing VM operation: HandshakeAllThreads (Deoptimize)
Event: 1109.969 Executing VM operation: HandshakeAllThreads (Deoptimize) done
Event: 1109.973 Executing VM operation: ParallelGCFailedAllocation (Allocation Failure)
Event: 1110.089 Executing VM operation: ParallelGCFailedAllocation (Allocation Failure) done

Memory protections (0 events):
No events

Nmethod flushes (20 events):
Event: 724.836 Thread 0x000001f73ef840f0 flushing  nmethod 0x000001f7435dd090
Event: 724.836 Thread 0x000001f73ef840f0 flushing  nmethod 0x000001f7435df890
Event: 724.836 Thread 0x000001f73ef840f0 flushing  nmethod 0x000001f7435ea390
Event: 724.836 Thread 0x000001f73ef840f0 flushing  nmethod 0x000001f7435eac10
Event: 724.836 Thread 0x000001f73ef840f0 flushing  nmethod 0x000001f7435eb810
Event: 724.836 Thread 0x000001f73ef840f0 flushing  nmethod 0x000001f7435ef190
Event: 724.836 Thread 0x000001f73ef840f0 flushing  nmethod 0x000001f743610790
Event: 724.836 Thread 0x000001f73ef840f0 flushing  nmethod 0x000001f743638c90
Event: 724.836 Thread 0x000001f73ef840f0 flushing  nmethod 0x000001f743661a10
Event: 724.836 Thread 0x000001f73ef840f0 flushing  nmethod 0x000001f743665010
Event: 724.837 Thread 0x000001f73ef840f0 flushing osr nmethod 0x000001f743667a90
Event: 724.837 Thread 0x000001f73ef840f0 flushing osr nmethod 0x000001f7436db810
Event: 724.837 Thread 0x000001f73ef840f0 flushing  nmethod 0x000001f7436e8a90
Event: 724.837 Thread 0x000001f73ef840f0 flushing  nmethod 0x000001f7436fb910
Event: 724.837 Thread 0x000001f73ef840f0 flushing osr nmethod 0x000001f743715310
Event: 724.837 Thread 0x000001f73ef840f0 flushing  nmethod 0x000001f743744890
Event: 724.837 Thread 0x000001f73ef840f0 flushing  nmethod 0x000001f743786a90
Event: 724.837 Thread 0x000001f73ef840f0 flushing  nmethod 0x000001f74378d110
Event: 724.837 Thread 0x000001f73ef840f0 flushing osr nmethod 0x000001f7437bfb10
Event: 724.837 Thread 0x000001f73ef840f0 flushing osr nmethod 0x000001f7437d0b10

Events (20 events):
Event: 1102.876 Thread 0x000001f79e264ec0 Thread added: 0x000001f79e9d62b0
Event: 1103.534 Thread 0x000001f79e9d62b0 Thread added: 0x000001f79e9d2110
Event: 1109.583 Thread 0x000001f799dc5cd0 Thread added: 0x000001f79e9d7cf0
Event: 1109.583 Thread 0x000001f799dc0e10 Thread added: 0x000001f79e9d6fd0
Event: 1109.584 Thread 0x000001f799dc14a0 Thread added: 0x000001f79e9d7660
Event: 1109.584 Thread 0x000001f79e9d41e0 Thread added: 0x000001f79e9d5590
Event: 1109.585 Thread 0x000001f799dc4fb0 Thread added: 0x000001f79e9d8a10
Event: 1109.585 Thread 0x000001f79e9d3b50 Thread added: 0x000001f79e9d90a0
Event: 1110.184 Thread 0x000001f79e9d8380 Thread added: 0x000001f79e9d27a0
Event: 1110.184 Thread 0x000001f79e9d8380 Thread added: 0x000001f7a1659020
Event: 1110.188 Thread 0x000001f79e9d8380 Thread added: 0x000001f7a165dee0
Event: 1110.189 Thread 0x000001f79e9d8380 Thread added: 0x000001f7a165b780
Event: 1110.189 Thread 0x000001f79e9d8380 Thread added: 0x000001f7a1659d40
Event: 1110.190 Thread 0x000001f79e9d8380 Thread added: 0x000001f7a165e570
Event: 1110.190 Thread 0x000001f79e9d8380 Thread added: 0x000001f7a165ec00
Event: 1110.190 Thread 0x000001f79e9d8380 Thread added: 0x000001f7a165a3d0
Event: 1110.190 Thread 0x000001f79e9d8380 Thread added: 0x000001f7a165f290
Event: 1110.190 Thread 0x000001f79e9d8380 Thread added: 0x000001f7a165cb30
Event: 1110.191 Thread 0x000001f79e9d8380 Thread added: 0x000001f7a165be10
Event: 1110.191 Thread 0x000001f79e9d8380 Thread added: 0x000001f7a165f920


Dynamic libraries:
0x00007ff752e90000 - 0x00007ff752e9e000 	c:\Users\strangerts\.cursor\extensions\redhat.java-1.45.0-win32-x64\jre\21.0.8-win32-x86_64\bin\java.exe
0x00007ffbd70f0000 - 0x00007ffbd72e8000 	C:\WINDOWS\SYSTEM32\ntdll.dll
0x00007ffbd53e0000 - 0x00007ffbd54a2000 	C:\WINDOWS\System32\KERNEL32.DLL
0x00007ffbd4880000 - 0x00007ffbd4b7f000 	C:\WINDOWS\System32\KERNELBASE.dll
0x00007ffbd4f60000 - 0x00007ffbd5060000 	C:\WINDOWS\System32\ucrtbase.dll
0x00007ffbd17c0000 - 0x00007ffbd17d8000 	c:\Users\strangerts\.cursor\extensions\redhat.java-1.45.0-win32-x64\jre\21.0.8-win32-x86_64\bin\jli.dll
0x00007ffb9de20000 - 0x00007ffb9de3e000 	c:\Users\strangerts\.cursor\extensions\redhat.java-1.45.0-win32-x64\jre\21.0.8-win32-x86_64\bin\VCRUNTIME140.dll
0x00007ffbd6be0000 - 0x00007ffbd6d7d000 	C:\WINDOWS\System32\USER32.dll
0x00007ffbd4ec0000 - 0x00007ffbd4ee2000 	C:\WINDOWS\System32\win32u.dll
0x00007ffbd6f90000 - 0x00007ffbd6fbb000 	C:\WINDOWS\System32\GDI32.dll
0x00007ffbc0c50000 - 0x00007ffbc0eea000 	C:\WINDOWS\WinSxS\amd64_microsoft.windows.common-controls_6595b64144ccf1df_6.0.19041.4355_none_60b8b9eb71f62e16\COMCTL32.dll
0x00007ffbd4da0000 - 0x00007ffbd4eb7000 	C:\WINDOWS\System32\gdi32full.dll
0x00007ffbd5060000 - 0x00007ffbd50fd000 	C:\WINDOWS\System32\msvcp_win.dll
0x00007ffbd6620000 - 0x00007ffbd66be000 	C:\WINDOWS\System32\msvcrt.dll
0x00007ffbd7020000 - 0x00007ffbd704f000 	C:\WINDOWS\System32\IMM32.DLL
0x00007ffbcef80000 - 0x00007ffbcef8c000 	c:\Users\strangerts\.cursor\extensions\redhat.java-1.45.0-win32-x64\jre\21.0.8-win32-x86_64\bin\vcruntime140_1.dll
0x00007ffb7a280000 - 0x00007ffb7a30d000 	c:\Users\strangerts\.cursor\extensions\redhat.java-1.45.0-win32-x64\jre\21.0.8-win32-x86_64\bin\msvcp140.dll
0x00007ffab2030000 - 0x00007ffab2dc7000 	c:\Users\strangerts\.cursor\extensions\redhat.java-1.45.0-win32-x64\jre\21.0.8-win32-x86_64\bin\server\jvm.dll
0x00007ffbd6210000 - 0x00007ffbd62c1000 	C:\WINDOWS\System32\ADVAPI32.dll
0x00007ffbd54b0000 - 0x00007ffbd554f000 	C:\WINDOWS\System32\sechost.dll
0x00007ffbd6ab0000 - 0x00007ffbd6bd3000 	C:\WINDOWS\System32\RPCRT4.dll
0x00007ffbd4b80000 - 0x00007ffbd4ba7000 	C:\WINDOWS\System32\bcrypt.dll
0x00007ffbd6a30000 - 0x00007ffbd6a9b000 	C:\WINDOWS\System32\WS2_32.dll
0x00007ffbd3e60000 - 0x00007ffbd3eab000 	C:\WINDOWS\SYSTEM32\POWRPROF.dll
0x00007ffbc0c20000 - 0x00007ffbc0c47000 	C:\WINDOWS\SYSTEM32\WINMM.dll
0x00007ffbcc8f0000 - 0x00007ffbcc8fa000 	C:\WINDOWS\SYSTEM32\VERSION.dll
0x00007ffbd3db0000 - 0x00007ffbd3dc2000 	C:\WINDOWS\SYSTEM32\UMPDC.dll
0x00007ffbd2fb0000 - 0x00007ffbd2fc2000 	C:\WINDOWS\SYSTEM32\kernel.appcore.dll
0x00007ffb9e290000 - 0x00007ffb9e29a000 	c:\Users\strangerts\.cursor\extensions\redhat.java-1.45.0-win32-x64\jre\21.0.8-win32-x86_64\bin\jimage.dll
0x00007ffbd2380000 - 0x00007ffbd2564000 	C:\WINDOWS\SYSTEM32\DBGHELP.DLL
0x00007ffbcc810000 - 0x00007ffbcc844000 	C:\WINDOWS\SYSTEM32\dbgcore.DLL
0x00007ffbd4bb0000 - 0x00007ffbd4c32000 	C:\WINDOWS\System32\bcryptPrimitives.dll
0x00007ffb9ddb0000 - 0x00007ffb9ddbf000 	c:\Users\strangerts\.cursor\extensions\redhat.java-1.45.0-win32-x64\jre\21.0.8-win32-x86_64\bin\instrument.dll
0x00007ffb879f0000 - 0x00007ffb87a0f000 	c:\Users\strangerts\.cursor\extensions\redhat.java-1.45.0-win32-x64\jre\21.0.8-win32-x86_64\bin\java.dll
0x00007ffbd5550000 - 0x00007ffbd5cbe000 	C:\WINDOWS\System32\SHELL32.dll
0x00007ffbd27a0000 - 0x00007ffbd2f44000 	C:\WINDOWS\SYSTEM32\windows.storage.dll
0x00007ffbd66d0000 - 0x00007ffbd6a25000 	C:\WINDOWS\System32\combase.dll
0x00007ffbd40d0000 - 0x00007ffbd40ff000 	C:\WINDOWS\SYSTEM32\Wldp.dll
0x00007ffbd6d80000 - 0x00007ffbd6e4d000 	C:\WINDOWS\System32\OLEAUT32.dll
0x00007ffbd62d0000 - 0x00007ffbd637d000 	C:\WINDOWS\System32\SHCORE.dll
0x00007ffbd6fc0000 - 0x00007ffbd7015000 	C:\WINDOWS\System32\shlwapi.dll
0x00007ffbd46b0000 - 0x00007ffbd46d4000 	C:\WINDOWS\SYSTEM32\profapi.dll
0x00007ffb84df0000 - 0x00007ffb84e08000 	c:\Users\strangerts\.cursor\extensions\redhat.java-1.45.0-win32-x64\jre\21.0.8-win32-x86_64\bin\zip.dll
0x00007ffb9dda0000 - 0x00007ffb9ddb0000 	C:\Users\strangerts\.cursor\extensions\redhat.java-1.45.0-win32-x64\jre\21.0.8-win32-x86_64\bin\net.dll
0x00007ffbcdb40000 - 0x00007ffbcdc4d000 	C:\WINDOWS\SYSTEM32\WINHTTP.dll
0x00007ffbd3eb0000 - 0x00007ffbd3f1a000 	C:\WINDOWS\system32\mswsock.dll
0x00007ffb84dd0000 - 0x00007ffb84de6000 	C:\Users\strangerts\.cursor\extensions\redhat.java-1.45.0-win32-x64\jre\21.0.8-win32-x86_64\bin\nio.dll
0x00007ffb8ce50000 - 0x00007ffb8ce60000 	c:\Users\strangerts\.cursor\extensions\redhat.java-1.45.0-win32-x64\jre\21.0.8-win32-x86_64\bin\verify.dll
0x00007ffb7a230000 - 0x00007ffb7a274000 	C:\Users\strangerts\AppData\Roaming\Cursor\User\globalStorage\redhat.java\1.45.0\config_win\org.eclipse.equinox.launcher\org.eclipse.equinox.launcher.win32.win32.x86_64_1.2.1400.v20250801-0854\eclipse_11916.dll
0x00007ffbd6470000 - 0x00007ffbd659b000 	C:\WINDOWS\System32\ole32.dll
0x00007ffbd4110000 - 0x00007ffbd4128000 	C:\WINDOWS\SYSTEM32\CRYPTSP.dll
0x00007ffbd3720000 - 0x00007ffbd3754000 	C:\WINDOWS\system32\rsaenh.dll
0x00007ffbd4630000 - 0x00007ffbd465e000 	C:\WINDOWS\SYSTEM32\USERENV.dll
0x00007ffbd4040000 - 0x00007ffbd404c000 	C:\WINDOWS\SYSTEM32\CRYPTBASE.dll
0x00007ffbd3b40000 - 0x00007ffbd3b7b000 	C:\WINDOWS\SYSTEM32\IPHLPAPI.DLL
0x00007ffbd6aa0000 - 0x00007ffbd6aa8000 	C:\WINDOWS\System32\NSI.dll
0x00007ffb7a420000 - 0x00007ffb7a469000 	C:\Users\strangerts\AppData\Local\Temp\jna--82658955\jna16966901848594096207.dll
0x00007ffbd5100000 - 0x00007ffbd5108000 	C:\WINDOWS\System32\PSAPI.DLL
0x00007ffbce790000 - 0x00007ffbce7a7000 	C:\WINDOWS\SYSTEM32\dhcpcsvc6.DLL
0x00007ffbce770000 - 0x00007ffbce78d000 	C:\WINDOWS\SYSTEM32\dhcpcsvc.DLL
0x00007ffbd39d0000 - 0x00007ffbd3a03000 	C:\WINDOWS\SYSTEM32\ntmarta.dll

JVMTI agents:
c:\Users\strangerts\.cursor\extensions\redhat.java-1.45.0-win32-x64\lombok\lombok-1.18.39-4050.jar path:c:\Users\strangerts\.cursor\extensions\redhat.java-1.45.0-win32-x64\jre\21.0.8-win32-x86_64\bin\instrument.dll, loaded, initialized, instrumentlib options:none

dbghelp: loaded successfully - version: 4.0.5 - missing functions: none
symbol engine: initialized successfully - sym options: 0x614 - pdb path: .;c:\Users\strangerts\.cursor\extensions\redhat.java-1.45.0-win32-x64\jre\21.0.8-win32-x86_64\bin;C:\WINDOWS\SYSTEM32;C:\WINDOWS\WinSxS\amd64_microsoft.windows.common-controls_6595b64144ccf1df_6.0.19041.4355_none_60b8b9eb71f62e16;c:\Users\strangerts\.cursor\extensions\redhat.java-1.45.0-win32-x64\jre\21.0.8-win32-x86_64\bin\server;C:\Users\strangerts\AppData\Roaming\Cursor\User\globalStorage\redhat.java\1.45.0\config_win\org.eclipse.equinox.launcher\org.eclipse.equinox.launcher.win32.win32.x86_64_1.2.1400.v20250801-0854;C:\Users\strangerts\AppData\Local\Temp\jna--82658955

VM Arguments:
jvm_args: --add-modules=ALL-SYSTEM --add-opens=java.base/java.util=ALL-UNNAMED --add-opens=java.base/java.lang=ALL-UNNAMED --add-opens=java.base/sun.nio.fs=ALL-UNNAMED -Declipse.application=org.eclipse.jdt.ls.core.id1 -Dosgi.bundles.defaultStartLevel=4 -Declipse.product=org.eclipse.jdt.ls.core.product -Djava.import.generatesMetadataFilesAtProjectRoot=false -DDetectVMInstallationsJob.disabled=true -Dfile.encoding=utf8 -XX:+UseParallelGC -XX:GCTimeRatio=4 -XX:AdaptiveSizePolicyWeight=90 -Dsun.zip.disableMemoryMapping=true -Xmx2G -Xms100m -Xlog:disable -javaagent:c:\Users\strangerts\.cursor\extensions\redhat.java-1.45.0-win32-x64\lombok\lombok-1.18.39-4050.jar -XX:+HeapDumpOnOutOfMemoryError -XX:HeapDumpPath=c:\Users\strangerts\AppData\Roaming\Cursor\User\workspaceStorage\07184dd113c5ccde707c947add590e6a\redhat.java -Daether.dependencyCollector.impl=bf 
java_command: c:\Users\strangerts\.cursor\extensions\redhat.java-1.45.0-win32-x64\server\plugins\org.eclipse.equinox.launcher_1.7.0.v20250519-0528.jar -configuration c:\Users\strangerts\AppData\Roaming\Cursor\User\globalStorage\redhat.java\1.45.0\config_win -data c:\Users\strangerts\AppData\Roaming\Cursor\User\workspaceStorage\07184dd113c5ccde707c947add590e6a\redhat.java\jdt_ws --pipe=\\.\pipe\lsp-b6c5cf4e4517237522e3c336d532608c-sock
java_class_path (initial): c:\Users\strangerts\.cursor\extensions\redhat.java-1.45.0-win32-x64\server\plugins\org.eclipse.equinox.launcher_1.7.0.v20250519-0528.jar
Launcher Type: SUN_STANDARD

[Global flags]
    uintx AdaptiveSizePolicyWeight                 = 90                                        {product} {command line}
     intx CICompilerCount                          = 12                                        {product} {ergonomic}
    uintx GCTimeRatio                              = 4                                         {product} {command line}
     bool HeapDumpOnOutOfMemoryError               = true                                   {manageable} {command line}
    ccstr HeapDumpPath                             = c:\Users\strangerts\AppData\Roaming\Cursor\User\workspaceStorage\07184dd113c5ccde707c947add590e6a\redhat.java         {manageable} {command line}
   size_t InitialHeapSize                          = 104857600                                 {product} {command line}
   size_t MaxHeapSize                              = 2147483648                                {product} {command line}
   size_t MaxNewSize                               = 715653120                                 {product} {ergonomic}
   size_t MinHeapDeltaBytes                        = 524288                                    {product} {ergonomic}
   size_t MinHeapSize                              = 104857600                                 {product} {command line}
   size_t NewSize                                  = 34603008                                  {product} {ergonomic}
    uintx NonNMethodCodeHeapSize                   = 7602480                                {pd product} {ergonomic}
    uintx NonProfiledCodeHeapSize                  = 122027880                              {pd product} {ergonomic}
   size_t OldSize                                  = 70254592                                  {product} {ergonomic}
    uintx ProfiledCodeHeapSize                     = 122027880                              {pd product} {ergonomic}
    uintx ReservedCodeCacheSize                    = 251658240                              {pd product} {ergonomic}
     bool SegmentedCodeCache                       = true                                      {product} {ergonomic}
   size_t SoftMaxHeapSize                          = 2147483648                             {manageable} {ergonomic}
     bool UseCompressedOops                        = true                           {product lp64_product} {ergonomic}
     bool UseLargePagesIndividualAllocation        = false                                  {pd product} {ergonomic}
     bool UseParallelGC                            = true                                      {product} {command line}

Logging:
Log output configuration:
 #0: stdout all=off uptime,level,tags foldmultilines=false
 #1: stderr all=off uptime,level,tags foldmultilines=false

Environment Variables:
PATH=C:\Program Files\Common Files\Oracle\Java\javapath;C:\WINDOWS\system32;C:\WINDOWS;C:\WINDOWS\System32\Wbem;C:\WINDOWS\System32\WindowsPowerShell\v1.0\;C:\WINDOWS\System32\OpenSSH\;C:\Program Files\dotnet\;C:\Program Files\Microsoft SQL Server\Client SDK\ODBC\110\Tools\Binn\;C:\Program Files (x86)\Microsoft SQL Server\120\Tools\Binn\;C:\Program Files\Microsoft SQL Server\120\Tools\Binn\;C:\Program Files\Microsoft SQL Server\120\DTS\Binn\;C:\Program Files (x86)\Windows Kits\8.1\Windows Performance Toolkit\;C:\Program Files\Microsoft SQL Server\150\Tools\Binn\;C:\Program Files\Microsoft SQL Server\Client SDK\ODBC\170\Tools\Binn\;C:\Program Files\nodejs\;C:\Program Files\Git\cmd;D:\uor\setup\gradle-8.14.2\bin;C:\Program Files\MySQL\MySQL Shell 8.0\bin\;C:\Users\strangerts\AppData\Local\Microsoft\WindowsApps;C:\Users\strangerts\AppData\Local\Programs\Microsoft VS Code\bin;C:\Users\strangerts\.dotnet\tools;C:\Users\strangerts\AppData\Local\GitHubDesktop\bin;C:\Users\strangerts\AppData\Roaming\npm;D:\web apps\cursor\resources\app\bin
USERNAME=strangerts
OS=Windows_NT
PROCESSOR_IDENTIFIER=Intel64 Family 6 Model 141 Stepping 1, GenuineIntel
TMP=C:\Users\STRANG~1\AppData\Local\Temp
TEMP=C:\Users\STRANG~1\AppData\Local\Temp




Periodic native trim disabled

---------------  S Y S T E M  ---------------

OS:
 Windows 10 , 64 bit Build 19041 (10.0.19041.5198)
OS uptime: 13 days 11:45 hours
Hyper-V role detected

CPU: total 16 (initial active 16) (8 cores per cpu, 2 threads per core) family 6 model 141 stepping 1 microcode 0x34, cx8, cmov, fxsr, ht, mmx, 3dnowpref, sse, sse2, sse3, ssse3, sse4.1, sse4.2, popcnt, lzcnt, tsc, tscinvbit, avx, avx2, aes, erms, clmul, bmi1, bmi2, adx, avx512f, avx512dq, avx512cd, avx512bw, avx512vl, sha, fma, vzeroupper, avx512_vpopcntdq, avx512_vpclmulqdq, avx512_vaes, avx512_vnni, clflush, clflushopt, clwb, avx512_vbmi2, avx512_vbmi, hv, rdtscp, rdpid, fsrm, gfni, avx512_bitalg, f16c, cet_ibt, cet_ss, avx512_ifma
Processor Information for the first 16 processors :
  Max Mhz: 2304, Current Mhz: 2304, Mhz Limit: 2304

Memory: 4k page, system-wide physical 7893M (39M free)
TotalPageFile size 32469M (AvailPageFile size 5M)
current process WorkingSet (physical memory assigned to process): 392M, peak: 576M
current process commit charge ("private bytes"): 1544M, peak: 1545M

vm_info: OpenJDK 64-Bit Server VM (21.0.8+9-LTS) for windows-amd64 JRE (21.0.8+9-LTS), built on 2025-07-15T00:00:00Z by "admin" with MS VC++ 17.7 (VS2022)

END.
